[2025-04-21 10:54:44] production.ERROR: Database file at path [/Users/SSe/SSe/app/ARCHETHIC/archethic-foundation.github.io/database/database.sqlite] does not exist. Ensure this is an absolute path to the database. {"exception":"[object] (Illuminate\\Database\\SQLiteDatabaseDoesNotExistException(code: 0): Database file at path [/Users/SSe/SSe/app/ARCHETHIC/archethic-foundation.github.io/database/database.sqlite] does not exist. Ensure this is an absolute path to the database. at /Users/SSe/SSe/app/ARCHETHIC/archethic-foundation.github.io/vendor/laravel/framework/src/Illuminate/Database/Connectors/SQLiteConnector.php:37)
[stacktrace]
#0 /Users/SSe/SSe/app/ARCHETHIC/archethic-foundation.github.io/vendor/laravel/framework/src/Illuminate/Database/Connectors/ConnectionFactory.php(224): Illuminate\\Database\\Connectors\\SQLiteConnector->connect(Array)
#1 [internal function]: Illuminate\\Database\\Connectors\\ConnectionFactory->{closure:Illuminate\\Database\\Connectors\\ConnectionFactory::createPdoResolverWithoutHosts():224}()
#2 /Users/SSe/SSe/app/ARCHETHIC/archethic-foundation.github.io/vendor/laravel/framework/src/Illuminate/Database/Connection.php(1231): call_user_func(Object(Closure))
#3 /Users/SSe/SSe/app/ARCHETHIC/archethic-foundation.github.io/vendor/laravel/framework/src/Illuminate/Database/Concerns/ManagesTransactions.php(151): Illuminate\\Database\\Connection->getPdo()
#4 /Users/SSe/SSe/app/ARCHETHIC/archethic-foundation.github.io/vendor/laravel/framework/src/Illuminate/Database/Concerns/ManagesTransactions.php(127): Illuminate\\Database\\Connection->createTransaction()
#5 /Users/SSe/SSe/app/ARCHETHIC/archethic-foundation.github.io/vendor/laravel/framework/src/Illuminate/Database/Concerns/ManagesTransactions.php(26): Illuminate\\Database\\Connection->beginTransaction()
#6 /Users/SSe/SSe/app/ARCHETHIC/archethic-foundation.github.io/vendor/laravel/framework/src/Illuminate/Queue/DatabaseQueue.php(226): Illuminate\\Database\\Connection->transaction(Object(Closure))
#7 /Users/SSe/SSe/app/ARCHETHIC/archethic-foundation.github.io/vendor/laravel/framework/src/Illuminate/Queue/Worker.php(351): Illuminate\\Queue\\DatabaseQueue->pop('default', 0)
#8 /Users/SSe/SSe/app/ARCHETHIC/archethic-foundation.github.io/vendor/laravel/framework/src/Illuminate/Queue/Worker.php(366): Illuminate\\Queue\\Worker->{closure:Illuminate\\Queue\\Worker::getNextJob():350}('default', 0)
#9 /Users/SSe/SSe/app/ARCHETHIC/archethic-foundation.github.io/vendor/laravel/framework/src/Illuminate/Queue/Worker.php(327): Illuminate\\Queue\\Worker->getNextJob(Object(Illuminate\\Queue\\DatabaseQueue), 'default')
#10 /Users/SSe/SSe/app/ARCHETHIC/archethic-foundation.github.io/vendor/laravel/framework/src/Illuminate/Queue/Console/WorkCommand.php(149): Illuminate\\Queue\\Worker->runNextJob('database', 'default', Object(Illuminate\\Queue\\WorkerOptions))
#11 /Users/SSe/SSe/app/ARCHETHIC/archethic-foundation.github.io/vendor/laravel/framework/src/Illuminate/Queue/Console/WorkCommand.php(132): Illuminate\\Queue\\Console\\WorkCommand->runWorker('database', 'default')
#12 /Users/SSe/SSe/app/ARCHETHIC/archethic-foundation.github.io/vendor/laravel/framework/src/Illuminate/Container/BoundMethod.php(36): Illuminate\\Queue\\Console\\WorkCommand->handle()
#13 /Users/SSe/SSe/app/ARCHETHIC/archethic-foundation.github.io/vendor/laravel/framework/src/Illuminate/Container/Util.php(43): Illuminate\\Container\\BoundMethod::{closure:Illuminate\\Container\\BoundMethod::call():35}()
#14 /Users/SSe/SSe/app/ARCHETHIC/archethic-foundation.github.io/vendor/laravel/framework/src/Illuminate/Container/BoundMethod.php(95): Illuminate\\Container\\Util::unwrapIfClosure(Object(Closure))
#15 /Users/SSe/SSe/app/ARCHETHIC/archethic-foundation.github.io/vendor/laravel/framework/src/Illuminate/Container/BoundMethod.php(35): Illuminate\\Container\\BoundMethod::callBoundMethod(Object(Illuminate\\Foundation\\Application), Array, Object(Closure))
#16 /Users/SSe/SSe/app/ARCHETHIC/archethic-foundation.github.io/vendor/laravel/framework/src/Illuminate/Container/Container.php(696): Illuminate\\Container\\BoundMethod::call(Object(Illuminate\\Foundation\\Application), Array, Array, NULL)
#17 /Users/SSe/SSe/app/ARCHETHIC/archethic-foundation.github.io/vendor/laravel/framework/src/Illuminate/Console/Command.php(213): Illuminate\\Container\\Container->call(Array)
#18 /Users/SSe/SSe/app/ARCHETHIC/archethic-foundation.github.io/vendor/symfony/console/Command/Command.php(279): Illuminate\\Console\\Command->execute(Object(Symfony\\Component\\Console\\Input\\ArgvInput), Object(Illuminate\\Console\\OutputStyle))
#19 /Users/SSe/SSe/app/ARCHETHIC/archethic-foundation.github.io/vendor/laravel/framework/src/Illuminate/Console/Command.php(182): Symfony\\Component\\Console\\Command\\Command->run(Object(Symfony\\Component\\Console\\Input\\ArgvInput), Object(Illuminate\\Console\\OutputStyle))
#20 /Users/SSe/SSe/app/ARCHETHIC/archethic-foundation.github.io/vendor/symfony/console/Application.php(1094): Illuminate\\Console\\Command->run(Object(Symfony\\Component\\Console\\Input\\ArgvInput), Object(Symfony\\Component\\Console\\Output\\ConsoleOutput))
#21 /Users/SSe/SSe/app/ARCHETHIC/archethic-foundation.github.io/vendor/symfony/console/Application.php(342): Symfony\\Component\\Console\\Application->doRunCommand(Object(Illuminate\\Queue\\Console\\WorkCommand), Object(Symfony\\Component\\Console\\Input\\ArgvInput), Object(Symfony\\Component\\Console\\Output\\ConsoleOutput))
#22 /Users/SSe/SSe/app/ARCHETHIC/archethic-foundation.github.io/vendor/symfony/console/Application.php(193): Symfony\\Component\\Console\\Application->doRun(Object(Symfony\\Component\\Console\\Input\\ArgvInput), Object(Symfony\\Component\\Console\\Output\\ConsoleOutput))
#23 /Users/SSe/SSe/app/ARCHETHIC/archethic-foundation.github.io/vendor/laravel/framework/src/Illuminate/Foundation/Console/Kernel.php(198): Symfony\\Component\\Console\\Application->run(Object(Symfony\\Component\\Console\\Input\\ArgvInput), Object(Symfony\\Component\\Console\\Output\\ConsoleOutput))
#24 /Users/SSe/SSe/app/ARCHETHIC/archethic-foundation.github.io/vendor/laravel/framework/src/Illuminate/Foundation/Application.php(1235): Illuminate\\Foundation\\Console\\Kernel->handle(Object(Symfony\\Component\\Console\\Input\\ArgvInput), Object(Symfony\\Component\\Console\\Output\\ConsoleOutput))
#25 /Users/SSe/SSe/app/ARCHETHIC/archethic-foundation.github.io/artisan(13): Illuminate\\Foundation\\Application->handleCommand(Object(Symfony\\Component\\Console\\Input\\ArgvInput))
#26 {main}
"} 
[2025-04-21 10:54:48] production.ERROR: Database file at path [/Users/SSe/SSe/app/ARCHETHIC/archethic-foundation.github.io/database/database.sqlite] does not exist. Ensure this is an absolute path to the database. {"exception":"[object] (Illuminate\\Database\\SQLiteDatabaseDoesNotExistException(code: 0): Database file at path [/Users/SSe/SSe/app/ARCHETHIC/archethic-foundation.github.io/database/database.sqlite] does not exist. Ensure this is an absolute path to the database. at /Users/SSe/SSe/app/ARCHETHIC/archethic-foundation.github.io/vendor/laravel/framework/src/Illuminate/Database/Connectors/SQLiteConnector.php:37)
[stacktrace]
#0 /Users/SSe/SSe/app/ARCHETHIC/archethic-foundation.github.io/vendor/laravel/framework/src/Illuminate/Database/Connectors/ConnectionFactory.php(224): Illuminate\\Database\\Connectors\\SQLiteConnector->connect(Array)
#1 [internal function]: Illuminate\\Database\\Connectors\\ConnectionFactory->{closure:Illuminate\\Database\\Connectors\\ConnectionFactory::createPdoResolverWithoutHosts():224}()
#2 /Users/SSe/SSe/app/ARCHETHIC/archethic-foundation.github.io/vendor/laravel/framework/src/Illuminate/Database/Connection.php(1231): call_user_func(Object(Closure))
#3 /Users/SSe/SSe/app/ARCHETHIC/archethic-foundation.github.io/vendor/laravel/framework/src/Illuminate/Database/Concerns/ManagesTransactions.php(151): Illuminate\\Database\\Connection->getPdo()
#4 /Users/SSe/SSe/app/ARCHETHIC/archethic-foundation.github.io/vendor/laravel/framework/src/Illuminate/Database/Concerns/ManagesTransactions.php(127): Illuminate\\Database\\Connection->createTransaction()
#5 /Users/SSe/SSe/app/ARCHETHIC/archethic-foundation.github.io/vendor/laravel/framework/src/Illuminate/Database/Concerns/ManagesTransactions.php(26): Illuminate\\Database\\Connection->beginTransaction()
#6 /Users/SSe/SSe/app/ARCHETHIC/archethic-foundation.github.io/vendor/laravel/framework/src/Illuminate/Queue/DatabaseQueue.php(226): Illuminate\\Database\\Connection->transaction(Object(Closure))
#7 /Users/SSe/SSe/app/ARCHETHIC/archethic-foundation.github.io/vendor/laravel/framework/src/Illuminate/Queue/Worker.php(351): Illuminate\\Queue\\DatabaseQueue->pop('default', 0)
#8 /Users/SSe/SSe/app/ARCHETHIC/archethic-foundation.github.io/vendor/laravel/framework/src/Illuminate/Queue/Worker.php(366): Illuminate\\Queue\\Worker->{closure:Illuminate\\Queue\\Worker::getNextJob():350}('default', 0)
#9 /Users/SSe/SSe/app/ARCHETHIC/archethic-foundation.github.io/vendor/laravel/framework/src/Illuminate/Queue/Worker.php(327): Illuminate\\Queue\\Worker->getNextJob(Object(Illuminate\\Queue\\DatabaseQueue), 'default')
#10 /Users/SSe/SSe/app/ARCHETHIC/archethic-foundation.github.io/vendor/laravel/framework/src/Illuminate/Queue/Console/WorkCommand.php(149): Illuminate\\Queue\\Worker->runNextJob('database', 'default', Object(Illuminate\\Queue\\WorkerOptions))
#11 /Users/SSe/SSe/app/ARCHETHIC/archethic-foundation.github.io/vendor/laravel/framework/src/Illuminate/Queue/Console/WorkCommand.php(132): Illuminate\\Queue\\Console\\WorkCommand->runWorker('database', 'default')
#12 /Users/SSe/SSe/app/ARCHETHIC/archethic-foundation.github.io/vendor/laravel/framework/src/Illuminate/Container/BoundMethod.php(36): Illuminate\\Queue\\Console\\WorkCommand->handle()
#13 /Users/SSe/SSe/app/ARCHETHIC/archethic-foundation.github.io/vendor/laravel/framework/src/Illuminate/Container/Util.php(43): Illuminate\\Container\\BoundMethod::{closure:Illuminate\\Container\\BoundMethod::call():35}()
#14 /Users/SSe/SSe/app/ARCHETHIC/archethic-foundation.github.io/vendor/laravel/framework/src/Illuminate/Container/BoundMethod.php(95): Illuminate\\Container\\Util::unwrapIfClosure(Object(Closure))
#15 /Users/SSe/SSe/app/ARCHETHIC/archethic-foundation.github.io/vendor/laravel/framework/src/Illuminate/Container/BoundMethod.php(35): Illuminate\\Container\\BoundMethod::callBoundMethod(Object(Illuminate\\Foundation\\Application), Array, Object(Closure))
#16 /Users/SSe/SSe/app/ARCHETHIC/archethic-foundation.github.io/vendor/laravel/framework/src/Illuminate/Container/Container.php(696): Illuminate\\Container\\BoundMethod::call(Object(Illuminate\\Foundation\\Application), Array, Array, NULL)
#17 /Users/SSe/SSe/app/ARCHETHIC/archethic-foundation.github.io/vendor/laravel/framework/src/Illuminate/Console/Command.php(213): Illuminate\\Container\\Container->call(Array)
#18 /Users/SSe/SSe/app/ARCHETHIC/archethic-foundation.github.io/vendor/symfony/console/Command/Command.php(279): Illuminate\\Console\\Command->execute(Object(Symfony\\Component\\Console\\Input\\ArgvInput), Object(Illuminate\\Console\\OutputStyle))
#19 /Users/SSe/SSe/app/ARCHETHIC/archethic-foundation.github.io/vendor/laravel/framework/src/Illuminate/Console/Command.php(182): Symfony\\Component\\Console\\Command\\Command->run(Object(Symfony\\Component\\Console\\Input\\ArgvInput), Object(Illuminate\\Console\\OutputStyle))
#20 /Users/SSe/SSe/app/ARCHETHIC/archethic-foundation.github.io/vendor/symfony/console/Application.php(1094): Illuminate\\Console\\Command->run(Object(Symfony\\Component\\Console\\Input\\ArgvInput), Object(Symfony\\Component\\Console\\Output\\ConsoleOutput))
#21 /Users/SSe/SSe/app/ARCHETHIC/archethic-foundation.github.io/vendor/symfony/console/Application.php(342): Symfony\\Component\\Console\\Application->doRunCommand(Object(Illuminate\\Queue\\Console\\WorkCommand), Object(Symfony\\Component\\Console\\Input\\ArgvInput), Object(Symfony\\Component\\Console\\Output\\ConsoleOutput))
#22 /Users/SSe/SSe/app/ARCHETHIC/archethic-foundation.github.io/vendor/symfony/console/Application.php(193): Symfony\\Component\\Console\\Application->doRun(Object(Symfony\\Component\\Console\\Input\\ArgvInput), Object(Symfony\\Component\\Console\\Output\\ConsoleOutput))
#23 /Users/SSe/SSe/app/ARCHETHIC/archethic-foundation.github.io/vendor/laravel/framework/src/Illuminate/Foundation/Console/Kernel.php(198): Symfony\\Component\\Console\\Application->run(Object(Symfony\\Component\\Console\\Input\\ArgvInput), Object(Symfony\\Component\\Console\\Output\\ConsoleOutput))
#24 /Users/SSe/SSe/app/ARCHETHIC/archethic-foundation.github.io/vendor/laravel/framework/src/Illuminate/Foundation/Application.php(1235): Illuminate\\Foundation\\Console\\Kernel->handle(Object(Symfony\\Component\\Console\\Input\\ArgvInput), Object(Symfony\\Component\\Console\\Output\\ConsoleOutput))
#25 /Users/SSe/SSe/app/ARCHETHIC/archethic-foundation.github.io/artisan(13): Illuminate\\Foundation\\Application->handleCommand(Object(Symfony\\Component\\Console\\Input\\ArgvInput))
#26 {main}
"} 
[2025-04-21 10:54:53] production.ERROR: Database file at path [/Users/SSe/SSe/app/ARCHETHIC/archethic-foundation.github.io/database/database.sqlite] does not exist. Ensure this is an absolute path to the database. {"exception":"[object] (Illuminate\\Database\\SQLiteDatabaseDoesNotExistException(code: 0): Database file at path [/Users/SSe/SSe/app/ARCHETHIC/archethic-foundation.github.io/database/database.sqlite] does not exist. Ensure this is an absolute path to the database. at /Users/SSe/SSe/app/ARCHETHIC/archethic-foundation.github.io/vendor/laravel/framework/src/Illuminate/Database/Connectors/SQLiteConnector.php:37)
[stacktrace]
#0 /Users/SSe/SSe/app/ARCHETHIC/archethic-foundation.github.io/vendor/laravel/framework/src/Illuminate/Database/Connectors/ConnectionFactory.php(224): Illuminate\\Database\\Connectors\\SQLiteConnector->connect(Array)
#1 [internal function]: Illuminate\\Database\\Connectors\\ConnectionFactory->{closure:Illuminate\\Database\\Connectors\\ConnectionFactory::createPdoResolverWithoutHosts():224}()
#2 /Users/SSe/SSe/app/ARCHETHIC/archethic-foundation.github.io/vendor/laravel/framework/src/Illuminate/Database/Connection.php(1231): call_user_func(Object(Closure))
#3 /Users/SSe/SSe/app/ARCHETHIC/archethic-foundation.github.io/vendor/laravel/framework/src/Illuminate/Database/Concerns/ManagesTransactions.php(151): Illuminate\\Database\\Connection->getPdo()
#4 /Users/SSe/SSe/app/ARCHETHIC/archethic-foundation.github.io/vendor/laravel/framework/src/Illuminate/Database/Concerns/ManagesTransactions.php(127): Illuminate\\Database\\Connection->createTransaction()
#5 /Users/SSe/SSe/app/ARCHETHIC/archethic-foundation.github.io/vendor/laravel/framework/src/Illuminate/Database/Concerns/ManagesTransactions.php(26): Illuminate\\Database\\Connection->beginTransaction()
#6 /Users/SSe/SSe/app/ARCHETHIC/archethic-foundation.github.io/vendor/laravel/framework/src/Illuminate/Queue/DatabaseQueue.php(226): Illuminate\\Database\\Connection->transaction(Object(Closure))
#7 /Users/SSe/SSe/app/ARCHETHIC/archethic-foundation.github.io/vendor/laravel/framework/src/Illuminate/Queue/Worker.php(351): Illuminate\\Queue\\DatabaseQueue->pop('default', 0)
#8 /Users/SSe/SSe/app/ARCHETHIC/archethic-foundation.github.io/vendor/laravel/framework/src/Illuminate/Queue/Worker.php(366): Illuminate\\Queue\\Worker->{closure:Illuminate\\Queue\\Worker::getNextJob():350}('default', 0)
#9 /Users/SSe/SSe/app/ARCHETHIC/archethic-foundation.github.io/vendor/laravel/framework/src/Illuminate/Queue/Worker.php(327): Illuminate\\Queue\\Worker->getNextJob(Object(Illuminate\\Queue\\DatabaseQueue), 'default')
#10 /Users/SSe/SSe/app/ARCHETHIC/archethic-foundation.github.io/vendor/laravel/framework/src/Illuminate/Queue/Console/WorkCommand.php(149): Illuminate\\Queue\\Worker->runNextJob('database', 'default', Object(Illuminate\\Queue\\WorkerOptions))
#11 /Users/SSe/SSe/app/ARCHETHIC/archethic-foundation.github.io/vendor/laravel/framework/src/Illuminate/Queue/Console/WorkCommand.php(132): Illuminate\\Queue\\Console\\WorkCommand->runWorker('database', 'default')
#12 /Users/SSe/SSe/app/ARCHETHIC/archethic-foundation.github.io/vendor/laravel/framework/src/Illuminate/Container/BoundMethod.php(36): Illuminate\\Queue\\Console\\WorkCommand->handle()
#13 /Users/SSe/SSe/app/ARCHETHIC/archethic-foundation.github.io/vendor/laravel/framework/src/Illuminate/Container/Util.php(43): Illuminate\\Container\\BoundMethod::{closure:Illuminate\\Container\\BoundMethod::call():35}()
#14 /Users/SSe/SSe/app/ARCHETHIC/archethic-foundation.github.io/vendor/laravel/framework/src/Illuminate/Container/BoundMethod.php(95): Illuminate\\Container\\Util::unwrapIfClosure(Object(Closure))
#15 /Users/SSe/SSe/app/ARCHETHIC/archethic-foundation.github.io/vendor/laravel/framework/src/Illuminate/Container/BoundMethod.php(35): Illuminate\\Container\\BoundMethod::callBoundMethod(Object(Illuminate\\Foundation\\Application), Array, Object(Closure))
#16 /Users/SSe/SSe/app/ARCHETHIC/archethic-foundation.github.io/vendor/laravel/framework/src/Illuminate/Container/Container.php(696): Illuminate\\Container\\BoundMethod::call(Object(Illuminate\\Foundation\\Application), Array, Array, NULL)
#17 /Users/SSe/SSe/app/ARCHETHIC/archethic-foundation.github.io/vendor/laravel/framework/src/Illuminate/Console/Command.php(213): Illuminate\\Container\\Container->call(Array)
#18 /Users/SSe/SSe/app/ARCHETHIC/archethic-foundation.github.io/vendor/symfony/console/Command/Command.php(279): Illuminate\\Console\\Command->execute(Object(Symfony\\Component\\Console\\Input\\ArgvInput), Object(Illuminate\\Console\\OutputStyle))
#19 /Users/SSe/SSe/app/ARCHETHIC/archethic-foundation.github.io/vendor/laravel/framework/src/Illuminate/Console/Command.php(182): Symfony\\Component\\Console\\Command\\Command->run(Object(Symfony\\Component\\Console\\Input\\ArgvInput), Object(Illuminate\\Console\\OutputStyle))
#20 /Users/SSe/SSe/app/ARCHETHIC/archethic-foundation.github.io/vendor/symfony/console/Application.php(1094): Illuminate\\Console\\Command->run(Object(Symfony\\Component\\Console\\Input\\ArgvInput), Object(Symfony\\Component\\Console\\Output\\ConsoleOutput))
#21 /Users/SSe/SSe/app/ARCHETHIC/archethic-foundation.github.io/vendor/symfony/console/Application.php(342): Symfony\\Component\\Console\\Application->doRunCommand(Object(Illuminate\\Queue\\Console\\WorkCommand), Object(Symfony\\Component\\Console\\Input\\ArgvInput), Object(Symfony\\Component\\Console\\Output\\ConsoleOutput))
#22 /Users/SSe/SSe/app/ARCHETHIC/archethic-foundation.github.io/vendor/symfony/console/Application.php(193): Symfony\\Component\\Console\\Application->doRun(Object(Symfony\\Component\\Console\\Input\\ArgvInput), Object(Symfony\\Component\\Console\\Output\\ConsoleOutput))
#23 /Users/SSe/SSe/app/ARCHETHIC/archethic-foundation.github.io/vendor/laravel/framework/src/Illuminate/Foundation/Console/Kernel.php(198): Symfony\\Component\\Console\\Application->run(Object(Symfony\\Component\\Console\\Input\\ArgvInput), Object(Symfony\\Component\\Console\\Output\\ConsoleOutput))
#24 /Users/SSe/SSe/app/ARCHETHIC/archethic-foundation.github.io/vendor/laravel/framework/src/Illuminate/Foundation/Application.php(1235): Illuminate\\Foundation\\Console\\Kernel->handle(Object(Symfony\\Component\\Console\\Input\\ArgvInput), Object(Symfony\\Component\\Console\\Output\\ConsoleOutput))
#25 /Users/SSe/SSe/app/ARCHETHIC/archethic-foundation.github.io/artisan(13): Illuminate\\Foundation\\Application->handleCommand(Object(Symfony\\Component\\Console\\Input\\ArgvInput))
#26 {main}
"} 
[2025-04-21 10:54:57] production.ERROR: Database file at path [/Users/SSe/SSe/app/ARCHETHIC/archethic-foundation.github.io/database/database.sqlite] does not exist. Ensure this is an absolute path to the database. {"exception":"[object] (Illuminate\\Database\\SQLiteDatabaseDoesNotExistException(code: 0): Database file at path [/Users/SSe/SSe/app/ARCHETHIC/archethic-foundation.github.io/database/database.sqlite] does not exist. Ensure this is an absolute path to the database. at /Users/SSe/SSe/app/ARCHETHIC/archethic-foundation.github.io/vendor/laravel/framework/src/Illuminate/Database/Connectors/SQLiteConnector.php:37)
[stacktrace]
#0 /Users/SSe/SSe/app/ARCHETHIC/archethic-foundation.github.io/vendor/laravel/framework/src/Illuminate/Database/Connectors/ConnectionFactory.php(224): Illuminate\\Database\\Connectors\\SQLiteConnector->connect(Array)
#1 [internal function]: Illuminate\\Database\\Connectors\\ConnectionFactory->{closure:Illuminate\\Database\\Connectors\\ConnectionFactory::createPdoResolverWithoutHosts():224}()
#2 /Users/SSe/SSe/app/ARCHETHIC/archethic-foundation.github.io/vendor/laravel/framework/src/Illuminate/Database/Connection.php(1231): call_user_func(Object(Closure))
#3 /Users/SSe/SSe/app/ARCHETHIC/archethic-foundation.github.io/vendor/laravel/framework/src/Illuminate/Database/Concerns/ManagesTransactions.php(151): Illuminate\\Database\\Connection->getPdo()
#4 /Users/SSe/SSe/app/ARCHETHIC/archethic-foundation.github.io/vendor/laravel/framework/src/Illuminate/Database/Concerns/ManagesTransactions.php(127): Illuminate\\Database\\Connection->createTransaction()
#5 /Users/SSe/SSe/app/ARCHETHIC/archethic-foundation.github.io/vendor/laravel/framework/src/Illuminate/Database/Concerns/ManagesTransactions.php(26): Illuminate\\Database\\Connection->beginTransaction()
#6 /Users/SSe/SSe/app/ARCHETHIC/archethic-foundation.github.io/vendor/laravel/framework/src/Illuminate/Queue/DatabaseQueue.php(226): Illuminate\\Database\\Connection->transaction(Object(Closure))
#7 /Users/SSe/SSe/app/ARCHETHIC/archethic-foundation.github.io/vendor/laravel/framework/src/Illuminate/Queue/Worker.php(351): Illuminate\\Queue\\DatabaseQueue->pop('default', 0)
#8 /Users/SSe/SSe/app/ARCHETHIC/archethic-foundation.github.io/vendor/laravel/framework/src/Illuminate/Queue/Worker.php(366): Illuminate\\Queue\\Worker->{closure:Illuminate\\Queue\\Worker::getNextJob():350}('default', 0)
#9 /Users/SSe/SSe/app/ARCHETHIC/archethic-foundation.github.io/vendor/laravel/framework/src/Illuminate/Queue/Worker.php(327): Illuminate\\Queue\\Worker->getNextJob(Object(Illuminate\\Queue\\DatabaseQueue), 'default')
#10 /Users/SSe/SSe/app/ARCHETHIC/archethic-foundation.github.io/vendor/laravel/framework/src/Illuminate/Queue/Console/WorkCommand.php(149): Illuminate\\Queue\\Worker->runNextJob('database', 'default', Object(Illuminate\\Queue\\WorkerOptions))
#11 /Users/SSe/SSe/app/ARCHETHIC/archethic-foundation.github.io/vendor/laravel/framework/src/Illuminate/Queue/Console/WorkCommand.php(132): Illuminate\\Queue\\Console\\WorkCommand->runWorker('database', 'default')
#12 /Users/SSe/SSe/app/ARCHETHIC/archethic-foundation.github.io/vendor/laravel/framework/src/Illuminate/Container/BoundMethod.php(36): Illuminate\\Queue\\Console\\WorkCommand->handle()
#13 /Users/SSe/SSe/app/ARCHETHIC/archethic-foundation.github.io/vendor/laravel/framework/src/Illuminate/Container/Util.php(43): Illuminate\\Container\\BoundMethod::{closure:Illuminate\\Container\\BoundMethod::call():35}()
#14 /Users/SSe/SSe/app/ARCHETHIC/archethic-foundation.github.io/vendor/laravel/framework/src/Illuminate/Container/BoundMethod.php(95): Illuminate\\Container\\Util::unwrapIfClosure(Object(Closure))
#15 /Users/SSe/SSe/app/ARCHETHIC/archethic-foundation.github.io/vendor/laravel/framework/src/Illuminate/Container/BoundMethod.php(35): Illuminate\\Container\\BoundMethod::callBoundMethod(Object(Illuminate\\Foundation\\Application), Array, Object(Closure))
#16 /Users/SSe/SSe/app/ARCHETHIC/archethic-foundation.github.io/vendor/laravel/framework/src/Illuminate/Container/Container.php(696): Illuminate\\Container\\BoundMethod::call(Object(Illuminate\\Foundation\\Application), Array, Array, NULL)
#17 /Users/SSe/SSe/app/ARCHETHIC/archethic-foundation.github.io/vendor/laravel/framework/src/Illuminate/Console/Command.php(213): Illuminate\\Container\\Container->call(Array)
#18 /Users/SSe/SSe/app/ARCHETHIC/archethic-foundation.github.io/vendor/symfony/console/Command/Command.php(279): Illuminate\\Console\\Command->execute(Object(Symfony\\Component\\Console\\Input\\ArgvInput), Object(Illuminate\\Console\\OutputStyle))
#19 /Users/SSe/SSe/app/ARCHETHIC/archethic-foundation.github.io/vendor/laravel/framework/src/Illuminate/Console/Command.php(182): Symfony\\Component\\Console\\Command\\Command->run(Object(Symfony\\Component\\Console\\Input\\ArgvInput), Object(Illuminate\\Console\\OutputStyle))
#20 /Users/SSe/SSe/app/ARCHETHIC/archethic-foundation.github.io/vendor/symfony/console/Application.php(1094): Illuminate\\Console\\Command->run(Object(Symfony\\Component\\Console\\Input\\ArgvInput), Object(Symfony\\Component\\Console\\Output\\ConsoleOutput))
#21 /Users/SSe/SSe/app/ARCHETHIC/archethic-foundation.github.io/vendor/symfony/console/Application.php(342): Symfony\\Component\\Console\\Application->doRunCommand(Object(Illuminate\\Queue\\Console\\WorkCommand), Object(Symfony\\Component\\Console\\Input\\ArgvInput), Object(Symfony\\Component\\Console\\Output\\ConsoleOutput))
#22 /Users/SSe/SSe/app/ARCHETHIC/archethic-foundation.github.io/vendor/symfony/console/Application.php(193): Symfony\\Component\\Console\\Application->doRun(Object(Symfony\\Component\\Console\\Input\\ArgvInput), Object(Symfony\\Component\\Console\\Output\\ConsoleOutput))
#23 /Users/SSe/SSe/app/ARCHETHIC/archethic-foundation.github.io/vendor/laravel/framework/src/Illuminate/Foundation/Console/Kernel.php(198): Symfony\\Component\\Console\\Application->run(Object(Symfony\\Component\\Console\\Input\\ArgvInput), Object(Symfony\\Component\\Console\\Output\\ConsoleOutput))
#24 /Users/SSe/SSe/app/ARCHETHIC/archethic-foundation.github.io/vendor/laravel/framework/src/Illuminate/Foundation/Application.php(1235): Illuminate\\Foundation\\Console\\Kernel->handle(Object(Symfony\\Component\\Console\\Input\\ArgvInput), Object(Symfony\\Component\\Console\\Output\\ConsoleOutput))
#25 /Users/SSe/SSe/app/ARCHETHIC/archethic-foundation.github.io/artisan(13): Illuminate\\Foundation\\Application->handleCommand(Object(Symfony\\Component\\Console\\Input\\ArgvInput))
#26 {main}
"} 
[2025-04-21 10:55:26] production.ERROR: file_get_contents(/Users/SSe/SSe/app/ARCHETHIC/archethic-foundation.github.io/.env): Failed to open stream: No such file or directory {"exception":"[object] (ErrorException(code: 0): file_get_contents(/Users/SSe/SSe/app/ARCHETHIC/archethic-foundation.github.io/.env): Failed to open stream: No such file or directory at /Users/SSe/SSe/app/ARCHETHIC/archethic-foundation.github.io/vendor/laravel/framework/src/Illuminate/Foundation/Console/KeyGenerateCommand.php:100)
[stacktrace]
#0 /Users/SSe/SSe/app/ARCHETHIC/archethic-foundation.github.io/vendor/laravel/framework/src/Illuminate/Foundation/Bootstrap/HandleExceptions.php(256): Illuminate\\Foundation\\Bootstrap\\HandleExceptions->handleError(2, 'file_get_conten...', '/Users/SSe/SSe/...', 100)
#1 [internal function]: Illuminate\\Foundation\\Bootstrap\\HandleExceptions->{closure:Illuminate\\Foundation\\Bootstrap\\HandleExceptions::forwardsTo():255}(2, 'file_get_conten...', '/Users/SSe/SSe/...', 100)
#2 /Users/SSe/SSe/app/ARCHETHIC/archethic-foundation.github.io/vendor/laravel/framework/src/Illuminate/Foundation/Console/KeyGenerateCommand.php(100): file_get_contents('/Users/SSe/SSe/...')
#3 /Users/SSe/SSe/app/ARCHETHIC/archethic-foundation.github.io/vendor/laravel/framework/src/Illuminate/Foundation/Console/KeyGenerateCommand.php(82): Illuminate\\Foundation\\Console\\KeyGenerateCommand->writeNewEnvironmentFileWith('base64:ShW7Qo7C...')
#4 /Users/SSe/SSe/app/ARCHETHIC/archethic-foundation.github.io/vendor/laravel/framework/src/Illuminate/Foundation/Console/KeyGenerateCommand.php(47): Illuminate\\Foundation\\Console\\KeyGenerateCommand->setKeyInEnvironmentFile('base64:ShW7Qo7C...')
#5 /Users/SSe/SSe/app/ARCHETHIC/archethic-foundation.github.io/vendor/laravel/framework/src/Illuminate/Container/BoundMethod.php(36): Illuminate\\Foundation\\Console\\KeyGenerateCommand->handle()
#6 /Users/SSe/SSe/app/ARCHETHIC/archethic-foundation.github.io/vendor/laravel/framework/src/Illuminate/Container/Util.php(43): Illuminate\\Container\\BoundMethod::{closure:Illuminate\\Container\\BoundMethod::call():35}()
#7 /Users/SSe/SSe/app/ARCHETHIC/archethic-foundation.github.io/vendor/laravel/framework/src/Illuminate/Container/BoundMethod.php(95): Illuminate\\Container\\Util::unwrapIfClosure(Object(Closure))
#8 /Users/SSe/SSe/app/ARCHETHIC/archethic-foundation.github.io/vendor/laravel/framework/src/Illuminate/Container/BoundMethod.php(35): Illuminate\\Container\\BoundMethod::callBoundMethod(Object(Illuminate\\Foundation\\Application), Array, Object(Closure))
#9 /Users/SSe/SSe/app/ARCHETHIC/archethic-foundation.github.io/vendor/laravel/framework/src/Illuminate/Container/Container.php(696): Illuminate\\Container\\BoundMethod::call(Object(Illuminate\\Foundation\\Application), Array, Array, NULL)
#10 /Users/SSe/SSe/app/ARCHETHIC/archethic-foundation.github.io/vendor/laravel/framework/src/Illuminate/Console/Command.php(213): Illuminate\\Container\\Container->call(Array)
#11 /Users/SSe/SSe/app/ARCHETHIC/archethic-foundation.github.io/vendor/symfony/console/Command/Command.php(279): Illuminate\\Console\\Command->execute(Object(Symfony\\Component\\Console\\Input\\ArgvInput), Object(Illuminate\\Console\\OutputStyle))
#12 /Users/SSe/SSe/app/ARCHETHIC/archethic-foundation.github.io/vendor/laravel/framework/src/Illuminate/Console/Command.php(182): Symfony\\Component\\Console\\Command\\Command->run(Object(Symfony\\Component\\Console\\Input\\ArgvInput), Object(Illuminate\\Console\\OutputStyle))
#13 /Users/SSe/SSe/app/ARCHETHIC/archethic-foundation.github.io/vendor/symfony/console/Application.php(1094): Illuminate\\Console\\Command->run(Object(Symfony\\Component\\Console\\Input\\ArgvInput), Object(Symfony\\Component\\Console\\Output\\ConsoleOutput))
#14 /Users/SSe/SSe/app/ARCHETHIC/archethic-foundation.github.io/vendor/symfony/console/Application.php(342): Symfony\\Component\\Console\\Application->doRunCommand(Object(Illuminate\\Foundation\\Console\\KeyGenerateCommand), Object(Symfony\\Component\\Console\\Input\\ArgvInput), Object(Symfony\\Component\\Console\\Output\\ConsoleOutput))
#15 /Users/SSe/SSe/app/ARCHETHIC/archethic-foundation.github.io/vendor/symfony/console/Application.php(193): Symfony\\Component\\Console\\Application->doRun(Object(Symfony\\Component\\Console\\Input\\ArgvInput), Object(Symfony\\Component\\Console\\Output\\ConsoleOutput))
#16 /Users/SSe/SSe/app/ARCHETHIC/archethic-foundation.github.io/vendor/laravel/framework/src/Illuminate/Foundation/Console/Kernel.php(198): Symfony\\Component\\Console\\Application->run(Object(Symfony\\Component\\Console\\Input\\ArgvInput), Object(Symfony\\Component\\Console\\Output\\ConsoleOutput))
#17 /Users/SSe/SSe/app/ARCHETHIC/archethic-foundation.github.io/vendor/laravel/framework/src/Illuminate/Foundation/Application.php(1235): Illuminate\\Foundation\\Console\\Kernel->handle(Object(Symfony\\Component\\Console\\Input\\ArgvInput), Object(Symfony\\Component\\Console\\Output\\ConsoleOutput))
#18 /Users/SSe/SSe/app/ARCHETHIC/archethic-foundation.github.io/artisan(13): Illuminate\\Foundation\\Application->handleCommand(Object(Symfony\\Component\\Console\\Input\\ArgvInput))
#19 {main}
"} 
[2025-04-29 13:56:26] local.ERROR: could not find driver (Connection: sqlite, SQL: select exists (select 1 from sqlite_master where name = 'migrations' and type = 'table') as "exists") {"exception":"[object] (Illuminate\\Database\\QueryException(code: 0): could not find driver (Connection: sqlite, SQL: select exists (select 1 from sqlite_master where name = 'migrations' and type = 'table') as \"exists\") at /home/philippe/archethic-foundation.github.io/vendor/laravel/framework/src/Illuminate/Database/Connection.php:825)
[stacktrace]
#0 /home/philippe/archethic-foundation.github.io/vendor/laravel/framework/src/Illuminate/Database/Connection.php(779): Illuminate\\Database\\Connection->runQueryCallback()
#1 /home/philippe/archethic-foundation.github.io/vendor/laravel/framework/src/Illuminate/Database/Connection.php(398): Illuminate\\Database\\Connection->run()
#2 /home/philippe/archethic-foundation.github.io/vendor/laravel/framework/src/Illuminate/Database/Connection.php(344): Illuminate\\Database\\Connection->select()
#3 /home/philippe/archethic-foundation.github.io/vendor/laravel/framework/src/Illuminate/Database/Connection.php(361): Illuminate\\Database\\Connection->selectOne()
#4 /home/philippe/archethic-foundation.github.io/vendor/laravel/framework/src/Illuminate/Database/Schema/SQLiteBuilder.php(44): Illuminate\\Database\\Connection->scalar()
#5 /home/philippe/archethic-foundation.github.io/vendor/laravel/framework/src/Illuminate/Database/Migrations/DatabaseMigrationRepository.php(184): Illuminate\\Database\\Schema\\SQLiteBuilder->hasTable()
#6 /home/philippe/archethic-foundation.github.io/vendor/laravel/framework/src/Illuminate/Database/Migrations/Migrator.php(742): Illuminate\\Database\\Migrations\\DatabaseMigrationRepository->repositoryExists()
#7 /home/philippe/archethic-foundation.github.io/vendor/laravel/framework/src/Illuminate/Database/Console/Migrations/MigrateCommand.php(165): Illuminate\\Database\\Migrations\\Migrator->repositoryExists()
#8 /home/philippe/archethic-foundation.github.io/vendor/laravel/framework/src/Illuminate/Support/helpers.php(338): Illuminate\\Database\\Console\\Migrations\\MigrateCommand->Illuminate\\Database\\Console\\Migrations\\{closure}()
#9 /home/philippe/archethic-foundation.github.io/vendor/laravel/framework/src/Illuminate/Database/Console/Migrations/MigrateCommand.php(165): retry()
#10 /home/philippe/archethic-foundation.github.io/vendor/laravel/framework/src/Illuminate/Database/Console/Migrations/MigrateCommand.php(141): Illuminate\\Database\\Console\\Migrations\\MigrateCommand->repositoryExists()
#11 /home/philippe/archethic-foundation.github.io/vendor/laravel/framework/src/Illuminate/Database/Console/Migrations/MigrateCommand.php(111): Illuminate\\Database\\Console\\Migrations\\MigrateCommand->prepareDatabase()
#12 /home/philippe/archethic-foundation.github.io/vendor/laravel/framework/src/Illuminate/Database/Migrations/Migrator.php(658): Illuminate\\Database\\Console\\Migrations\\MigrateCommand->Illuminate\\Database\\Console\\Migrations\\{closure}()
#13 /home/philippe/archethic-foundation.github.io/vendor/laravel/framework/src/Illuminate/Database/Console/Migrations/MigrateCommand.php(110): Illuminate\\Database\\Migrations\\Migrator->usingConnection()
#14 /home/philippe/archethic-foundation.github.io/vendor/laravel/framework/src/Illuminate/Database/Console/Migrations/MigrateCommand.php(89): Illuminate\\Database\\Console\\Migrations\\MigrateCommand->runMigrations()
#15 /home/philippe/archethic-foundation.github.io/vendor/laravel/framework/src/Illuminate/Container/BoundMethod.php(36): Illuminate\\Database\\Console\\Migrations\\MigrateCommand->handle()
#16 /home/philippe/archethic-foundation.github.io/vendor/laravel/framework/src/Illuminate/Container/Util.php(43): Illuminate\\Container\\BoundMethod::Illuminate\\Container\\{closure}()
#17 /home/philippe/archethic-foundation.github.io/vendor/laravel/framework/src/Illuminate/Container/BoundMethod.php(95): Illuminate\\Container\\Util::unwrapIfClosure()
#18 /home/philippe/archethic-foundation.github.io/vendor/laravel/framework/src/Illuminate/Container/BoundMethod.php(35): Illuminate\\Container\\BoundMethod::callBoundMethod()
#19 /home/philippe/archethic-foundation.github.io/vendor/laravel/framework/src/Illuminate/Container/Container.php(696): Illuminate\\Container\\BoundMethod::call()
#20 /home/philippe/archethic-foundation.github.io/vendor/laravel/framework/src/Illuminate/Console/Command.php(213): Illuminate\\Container\\Container->call()
#21 /home/philippe/archethic-foundation.github.io/vendor/symfony/console/Command/Command.php(279): Illuminate\\Console\\Command->execute()
#22 /home/philippe/archethic-foundation.github.io/vendor/laravel/framework/src/Illuminate/Console/Command.php(182): Symfony\\Component\\Console\\Command\\Command->run()
#23 /home/philippe/archethic-foundation.github.io/vendor/symfony/console/Application.php(1094): Illuminate\\Console\\Command->run()
#24 /home/philippe/archethic-foundation.github.io/vendor/symfony/console/Application.php(342): Symfony\\Component\\Console\\Application->doRunCommand()
#25 /home/philippe/archethic-foundation.github.io/vendor/symfony/console/Application.php(193): Symfony\\Component\\Console\\Application->doRun()
#26 /home/philippe/archethic-foundation.github.io/vendor/laravel/framework/src/Illuminate/Foundation/Console/Kernel.php(198): Symfony\\Component\\Console\\Application->run()
#27 /home/philippe/archethic-foundation.github.io/vendor/laravel/framework/src/Illuminate/Foundation/Application.php(1235): Illuminate\\Foundation\\Console\\Kernel->handle()
#28 /home/philippe/archethic-foundation.github.io/artisan(13): Illuminate\\Foundation\\Application->handleCommand()
#29 {main}

[previous exception] [object] (PDOException(code: 0): could not find driver at /home/philippe/archethic-foundation.github.io/vendor/laravel/framework/src/Illuminate/Database/Connectors/Connector.php:66)
[stacktrace]
#0 /home/philippe/archethic-foundation.github.io/vendor/laravel/framework/src/Illuminate/Database/Connectors/Connector.php(66): PDO->__construct()
#1 /home/philippe/archethic-foundation.github.io/vendor/laravel/framework/src/Illuminate/Database/Connectors/Connector.php(44): Illuminate\\Database\\Connectors\\Connector->createPdoConnection()
#2 /home/philippe/archethic-foundation.github.io/vendor/laravel/framework/src/Illuminate/Database/Connectors/SQLiteConnector.php(40): Illuminate\\Database\\Connectors\\Connector->createConnection()
#3 /home/philippe/archethic-foundation.github.io/vendor/laravel/framework/src/Illuminate/Database/Connectors/ConnectionFactory.php(224): Illuminate\\Database\\Connectors\\SQLiteConnector->connect()
#4 [internal function]: Illuminate\\Database\\Connectors\\ConnectionFactory->Illuminate\\Database\\Connectors\\{closure}()
#5 /home/philippe/archethic-foundation.github.io/vendor/laravel/framework/src/Illuminate/Database/Connection.php(1231): call_user_func()
#6 /home/philippe/archethic-foundation.github.io/vendor/laravel/framework/src/Illuminate/Database/Connection.php(1267): Illuminate\\Database\\Connection->getPdo()
#7 /home/philippe/archethic-foundation.github.io/vendor/laravel/framework/src/Illuminate/Database/Connection.php(512): Illuminate\\Database\\Connection->getReadPdo()
#8 /home/philippe/archethic-foundation.github.io/vendor/laravel/framework/src/Illuminate/Database/Connection.php(407): Illuminate\\Database\\Connection->getPdoForSelect()
#9 /home/philippe/archethic-foundation.github.io/vendor/laravel/framework/src/Illuminate/Database/Connection.php(812): Illuminate\\Database\\Connection->Illuminate\\Database\\{closure}()
#10 /home/philippe/archethic-foundation.github.io/vendor/laravel/framework/src/Illuminate/Database/Connection.php(779): Illuminate\\Database\\Connection->runQueryCallback()
#11 /home/philippe/archethic-foundation.github.io/vendor/laravel/framework/src/Illuminate/Database/Connection.php(398): Illuminate\\Database\\Connection->run()
#12 /home/philippe/archethic-foundation.github.io/vendor/laravel/framework/src/Illuminate/Database/Connection.php(344): Illuminate\\Database\\Connection->select()
#13 /home/philippe/archethic-foundation.github.io/vendor/laravel/framework/src/Illuminate/Database/Connection.php(361): Illuminate\\Database\\Connection->selectOne()
#14 /home/philippe/archethic-foundation.github.io/vendor/laravel/framework/src/Illuminate/Database/Schema/SQLiteBuilder.php(44): Illuminate\\Database\\Connection->scalar()
#15 /home/philippe/archethic-foundation.github.io/vendor/laravel/framework/src/Illuminate/Database/Migrations/DatabaseMigrationRepository.php(184): Illuminate\\Database\\Schema\\SQLiteBuilder->hasTable()
#16 /home/philippe/archethic-foundation.github.io/vendor/laravel/framework/src/Illuminate/Database/Migrations/Migrator.php(742): Illuminate\\Database\\Migrations\\DatabaseMigrationRepository->repositoryExists()
#17 /home/philippe/archethic-foundation.github.io/vendor/laravel/framework/src/Illuminate/Database/Console/Migrations/MigrateCommand.php(165): Illuminate\\Database\\Migrations\\Migrator->repositoryExists()
#18 /home/philippe/archethic-foundation.github.io/vendor/laravel/framework/src/Illuminate/Support/helpers.php(338): Illuminate\\Database\\Console\\Migrations\\MigrateCommand->Illuminate\\Database\\Console\\Migrations\\{closure}()
#19 /home/philippe/archethic-foundation.github.io/vendor/laravel/framework/src/Illuminate/Database/Console/Migrations/MigrateCommand.php(165): retry()
#20 /home/philippe/archethic-foundation.github.io/vendor/laravel/framework/src/Illuminate/Database/Console/Migrations/MigrateCommand.php(141): Illuminate\\Database\\Console\\Migrations\\MigrateCommand->repositoryExists()
#21 /home/philippe/archethic-foundation.github.io/vendor/laravel/framework/src/Illuminate/Database/Console/Migrations/MigrateCommand.php(111): Illuminate\\Database\\Console\\Migrations\\MigrateCommand->prepareDatabase()
#22 /home/philippe/archethic-foundation.github.io/vendor/laravel/framework/src/Illuminate/Database/Migrations/Migrator.php(658): Illuminate\\Database\\Console\\Migrations\\MigrateCommand->Illuminate\\Database\\Console\\Migrations\\{closure}()
#23 /home/philippe/archethic-foundation.github.io/vendor/laravel/framework/src/Illuminate/Database/Console/Migrations/MigrateCommand.php(110): Illuminate\\Database\\Migrations\\Migrator->usingConnection()
#24 /home/philippe/archethic-foundation.github.io/vendor/laravel/framework/src/Illuminate/Database/Console/Migrations/MigrateCommand.php(89): Illuminate\\Database\\Console\\Migrations\\MigrateCommand->runMigrations()
#25 /home/philippe/archethic-foundation.github.io/vendor/laravel/framework/src/Illuminate/Container/BoundMethod.php(36): Illuminate\\Database\\Console\\Migrations\\MigrateCommand->handle()
#26 /home/philippe/archethic-foundation.github.io/vendor/laravel/framework/src/Illuminate/Container/Util.php(43): Illuminate\\Container\\BoundMethod::Illuminate\\Container\\{closure}()
#27 /home/philippe/archethic-foundation.github.io/vendor/laravel/framework/src/Illuminate/Container/BoundMethod.php(95): Illuminate\\Container\\Util::unwrapIfClosure()
#28 /home/philippe/archethic-foundation.github.io/vendor/laravel/framework/src/Illuminate/Container/BoundMethod.php(35): Illuminate\\Container\\BoundMethod::callBoundMethod()
#29 /home/philippe/archethic-foundation.github.io/vendor/laravel/framework/src/Illuminate/Container/Container.php(696): Illuminate\\Container\\BoundMethod::call()
#30 /home/philippe/archethic-foundation.github.io/vendor/laravel/framework/src/Illuminate/Console/Command.php(213): Illuminate\\Container\\Container->call()
#31 /home/philippe/archethic-foundation.github.io/vendor/symfony/console/Command/Command.php(279): Illuminate\\Console\\Command->execute()
#32 /home/philippe/archethic-foundation.github.io/vendor/laravel/framework/src/Illuminate/Console/Command.php(182): Symfony\\Component\\Console\\Command\\Command->run()
#33 /home/philippe/archethic-foundation.github.io/vendor/symfony/console/Application.php(1094): Illuminate\\Console\\Command->run()
#34 /home/philippe/archethic-foundation.github.io/vendor/symfony/console/Application.php(342): Symfony\\Component\\Console\\Application->doRunCommand()
#35 /home/philippe/archethic-foundation.github.io/vendor/symfony/console/Application.php(193): Symfony\\Component\\Console\\Application->doRun()
#36 /home/philippe/archethic-foundation.github.io/vendor/laravel/framework/src/Illuminate/Foundation/Console/Kernel.php(198): Symfony\\Component\\Console\\Application->run()
#37 /home/philippe/archethic-foundation.github.io/vendor/laravel/framework/src/Illuminate/Foundation/Application.php(1235): Illuminate\\Foundation\\Console\\Kernel->handle()
#38 /home/philippe/archethic-foundation.github.io/artisan(13): Illuminate\\Foundation\\Application->handleCommand()
#39 {main}
"} 
[2025-04-29 13:58:42] local.ERROR: could not find driver (Connection: sqlite, SQL: PRAGMA foreign_keys = ON;) {"exception":"[object] (Illuminate\\Database\\QueryException(code: 0): could not find driver (Connection: sqlite, SQL: PRAGMA foreign_keys = ON;) at /home/philippe/archethic-foundation.github.io/vendor/laravel/framework/src/Illuminate/Database/Connection.php:825)
[stacktrace]
#0 /home/philippe/archethic-foundation.github.io/vendor/laravel/framework/src/Illuminate/Database/Connection.php(779): Illuminate\\Database\\Connection->runQueryCallback()
#1 /home/philippe/archethic-foundation.github.io/vendor/laravel/framework/src/Illuminate/Database/Connection.php(560): Illuminate\\Database\\Connection->run()
#2 /home/philippe/archethic-foundation.github.io/vendor/laravel/framework/src/Illuminate/Database/Schema/Builder.php(522): Illuminate\\Database\\Connection->statement()
#3 /home/philippe/archethic-foundation.github.io/vendor/laravel/framework/src/Illuminate/Database/SQLiteConnection.php(59): Illuminate\\Database\\Schema\\Builder->enableForeignKeyConstraints()
#4 /home/philippe/archethic-foundation.github.io/vendor/laravel/framework/src/Illuminate/Database/SQLiteConnection.php(28): Illuminate\\Database\\SQLiteConnection->configureForeignKeyConstraints()
#5 /home/philippe/archethic-foundation.github.io/vendor/laravel/framework/src/Illuminate/Database/Connectors/ConnectionFactory.php(277): Illuminate\\Database\\SQLiteConnection->__construct()
#6 /home/philippe/archethic-foundation.github.io/vendor/laravel/framework/src/Illuminate/Database/Connectors/ConnectionFactory.php(76): Illuminate\\Database\\Connectors\\ConnectionFactory->createConnection()
#7 /home/philippe/archethic-foundation.github.io/vendor/laravel/framework/src/Illuminate/Database/Connectors/ConnectionFactory.php(51): Illuminate\\Database\\Connectors\\ConnectionFactory->createSingleConnection()
#8 /home/philippe/archethic-foundation.github.io/vendor/laravel/framework/src/Illuminate/Database/DatabaseManager.php(207): Illuminate\\Database\\Connectors\\ConnectionFactory->make()
#9 /home/philippe/archethic-foundation.github.io/vendor/laravel/framework/src/Illuminate/Database/DatabaseManager.php(103): Illuminate\\Database\\DatabaseManager->makeConnection()
#10 /home/philippe/archethic-foundation.github.io/vendor/laravel/framework/src/Illuminate/Database/Migrations/DatabaseMigrationRepository.php(226): Illuminate\\Database\\DatabaseManager->connection()
#11 /home/philippe/archethic-foundation.github.io/vendor/laravel/framework/src/Illuminate/Database/Migrations/DatabaseMigrationRepository.php(182): Illuminate\\Database\\Migrations\\DatabaseMigrationRepository->getConnection()
#12 /home/philippe/archethic-foundation.github.io/vendor/laravel/framework/src/Illuminate/Database/Migrations/Migrator.php(742): Illuminate\\Database\\Migrations\\DatabaseMigrationRepository->repositoryExists()
#13 /home/philippe/archethic-foundation.github.io/vendor/laravel/framework/src/Illuminate/Database/Console/Migrations/MigrateCommand.php(165): Illuminate\\Database\\Migrations\\Migrator->repositoryExists()
#14 /home/philippe/archethic-foundation.github.io/vendor/laravel/framework/src/Illuminate/Support/helpers.php(338): Illuminate\\Database\\Console\\Migrations\\MigrateCommand->Illuminate\\Database\\Console\\Migrations\\{closure}()
#15 /home/philippe/archethic-foundation.github.io/vendor/laravel/framework/src/Illuminate/Database/Console/Migrations/MigrateCommand.php(165): retry()
#16 /home/philippe/archethic-foundation.github.io/vendor/laravel/framework/src/Illuminate/Database/Console/Migrations/MigrateCommand.php(141): Illuminate\\Database\\Console\\Migrations\\MigrateCommand->repositoryExists()
#17 /home/philippe/archethic-foundation.github.io/vendor/laravel/framework/src/Illuminate/Database/Console/Migrations/MigrateCommand.php(111): Illuminate\\Database\\Console\\Migrations\\MigrateCommand->prepareDatabase()
#18 /home/philippe/archethic-foundation.github.io/vendor/laravel/framework/src/Illuminate/Database/Migrations/Migrator.php(658): Illuminate\\Database\\Console\\Migrations\\MigrateCommand->Illuminate\\Database\\Console\\Migrations\\{closure}()
#19 /home/philippe/archethic-foundation.github.io/vendor/laravel/framework/src/Illuminate/Database/Console/Migrations/MigrateCommand.php(110): Illuminate\\Database\\Migrations\\Migrator->usingConnection()
#20 /home/philippe/archethic-foundation.github.io/vendor/laravel/framework/src/Illuminate/Database/Console/Migrations/MigrateCommand.php(89): Illuminate\\Database\\Console\\Migrations\\MigrateCommand->runMigrations()
#21 /home/philippe/archethic-foundation.github.io/vendor/laravel/framework/src/Illuminate/Container/BoundMethod.php(36): Illuminate\\Database\\Console\\Migrations\\MigrateCommand->handle()
#22 /home/philippe/archethic-foundation.github.io/vendor/laravel/framework/src/Illuminate/Container/Util.php(43): Illuminate\\Container\\BoundMethod::Illuminate\\Container\\{closure}()
#23 /home/philippe/archethic-foundation.github.io/vendor/laravel/framework/src/Illuminate/Container/BoundMethod.php(95): Illuminate\\Container\\Util::unwrapIfClosure()
#24 /home/philippe/archethic-foundation.github.io/vendor/laravel/framework/src/Illuminate/Container/BoundMethod.php(35): Illuminate\\Container\\BoundMethod::callBoundMethod()
#25 /home/philippe/archethic-foundation.github.io/vendor/laravel/framework/src/Illuminate/Container/Container.php(696): Illuminate\\Container\\BoundMethod::call()
#26 /home/philippe/archethic-foundation.github.io/vendor/laravel/framework/src/Illuminate/Console/Command.php(213): Illuminate\\Container\\Container->call()
#27 /home/philippe/archethic-foundation.github.io/vendor/symfony/console/Command/Command.php(279): Illuminate\\Console\\Command->execute()
#28 /home/philippe/archethic-foundation.github.io/vendor/laravel/framework/src/Illuminate/Console/Command.php(182): Symfony\\Component\\Console\\Command\\Command->run()
#29 /home/philippe/archethic-foundation.github.io/vendor/symfony/console/Application.php(1094): Illuminate\\Console\\Command->run()
#30 /home/philippe/archethic-foundation.github.io/vendor/symfony/console/Application.php(342): Symfony\\Component\\Console\\Application->doRunCommand()
#31 /home/philippe/archethic-foundation.github.io/vendor/symfony/console/Application.php(193): Symfony\\Component\\Console\\Application->doRun()
#32 /home/philippe/archethic-foundation.github.io/vendor/laravel/framework/src/Illuminate/Foundation/Console/Kernel.php(198): Symfony\\Component\\Console\\Application->run()
#33 /home/philippe/archethic-foundation.github.io/vendor/laravel/framework/src/Illuminate/Foundation/Application.php(1235): Illuminate\\Foundation\\Console\\Kernel->handle()
#34 /home/philippe/archethic-foundation.github.io/artisan(13): Illuminate\\Foundation\\Application->handleCommand()
#35 {main}

[previous exception] [object] (PDOException(code: 0): could not find driver at /home/philippe/archethic-foundation.github.io/vendor/laravel/framework/src/Illuminate/Database/Connectors/Connector.php:66)
[stacktrace]
#0 /home/philippe/archethic-foundation.github.io/vendor/laravel/framework/src/Illuminate/Database/Connectors/Connector.php(66): PDO->__construct()
#1 /home/philippe/archethic-foundation.github.io/vendor/laravel/framework/src/Illuminate/Database/Connectors/Connector.php(44): Illuminate\\Database\\Connectors\\Connector->createPdoConnection()
#2 /home/philippe/archethic-foundation.github.io/vendor/laravel/framework/src/Illuminate/Database/Connectors/SQLiteConnector.php(40): Illuminate\\Database\\Connectors\\Connector->createConnection()
#3 /home/philippe/archethic-foundation.github.io/vendor/laravel/framework/src/Illuminate/Database/Connectors/ConnectionFactory.php(224): Illuminate\\Database\\Connectors\\SQLiteConnector->connect()
#4 [internal function]: Illuminate\\Database\\Connectors\\ConnectionFactory->Illuminate\\Database\\Connectors\\{closure}()
#5 /home/philippe/archethic-foundation.github.io/vendor/laravel/framework/src/Illuminate/Database/Connection.php(1231): call_user_func()
#6 /home/philippe/archethic-foundation.github.io/vendor/laravel/framework/src/Illuminate/Database/Connection.php(565): Illuminate\\Database\\Connection->getPdo()
#7 /home/philippe/archethic-foundation.github.io/vendor/laravel/framework/src/Illuminate/Database/Connection.php(812): Illuminate\\Database\\Connection->Illuminate\\Database\\{closure}()
#8 /home/philippe/archethic-foundation.github.io/vendor/laravel/framework/src/Illuminate/Database/Connection.php(779): Illuminate\\Database\\Connection->runQueryCallback()
#9 /home/philippe/archethic-foundation.github.io/vendor/laravel/framework/src/Illuminate/Database/Connection.php(560): Illuminate\\Database\\Connection->run()
#10 /home/philippe/archethic-foundation.github.io/vendor/laravel/framework/src/Illuminate/Database/Schema/Builder.php(522): Illuminate\\Database\\Connection->statement()
#11 /home/philippe/archethic-foundation.github.io/vendor/laravel/framework/src/Illuminate/Database/SQLiteConnection.php(59): Illuminate\\Database\\Schema\\Builder->enableForeignKeyConstraints()
#12 /home/philippe/archethic-foundation.github.io/vendor/laravel/framework/src/Illuminate/Database/SQLiteConnection.php(28): Illuminate\\Database\\SQLiteConnection->configureForeignKeyConstraints()
#13 /home/philippe/archethic-foundation.github.io/vendor/laravel/framework/src/Illuminate/Database/Connectors/ConnectionFactory.php(277): Illuminate\\Database\\SQLiteConnection->__construct()
#14 /home/philippe/archethic-foundation.github.io/vendor/laravel/framework/src/Illuminate/Database/Connectors/ConnectionFactory.php(76): Illuminate\\Database\\Connectors\\ConnectionFactory->createConnection()
#15 /home/philippe/archethic-foundation.github.io/vendor/laravel/framework/src/Illuminate/Database/Connectors/ConnectionFactory.php(51): Illuminate\\Database\\Connectors\\ConnectionFactory->createSingleConnection()
#16 /home/philippe/archethic-foundation.github.io/vendor/laravel/framework/src/Illuminate/Database/DatabaseManager.php(207): Illuminate\\Database\\Connectors\\ConnectionFactory->make()
#17 /home/philippe/archethic-foundation.github.io/vendor/laravel/framework/src/Illuminate/Database/DatabaseManager.php(103): Illuminate\\Database\\DatabaseManager->makeConnection()
#18 /home/philippe/archethic-foundation.github.io/vendor/laravel/framework/src/Illuminate/Database/Migrations/DatabaseMigrationRepository.php(226): Illuminate\\Database\\DatabaseManager->connection()
#19 /home/philippe/archethic-foundation.github.io/vendor/laravel/framework/src/Illuminate/Database/Migrations/DatabaseMigrationRepository.php(182): Illuminate\\Database\\Migrations\\DatabaseMigrationRepository->getConnection()
#20 /home/philippe/archethic-foundation.github.io/vendor/laravel/framework/src/Illuminate/Database/Migrations/Migrator.php(742): Illuminate\\Database\\Migrations\\DatabaseMigrationRepository->repositoryExists()
#21 /home/philippe/archethic-foundation.github.io/vendor/laravel/framework/src/Illuminate/Database/Console/Migrations/MigrateCommand.php(165): Illuminate\\Database\\Migrations\\Migrator->repositoryExists()
#22 /home/philippe/archethic-foundation.github.io/vendor/laravel/framework/src/Illuminate/Support/helpers.php(338): Illuminate\\Database\\Console\\Migrations\\MigrateCommand->Illuminate\\Database\\Console\\Migrations\\{closure}()
#23 /home/philippe/archethic-foundation.github.io/vendor/laravel/framework/src/Illuminate/Database/Console/Migrations/MigrateCommand.php(165): retry()
#24 /home/philippe/archethic-foundation.github.io/vendor/laravel/framework/src/Illuminate/Database/Console/Migrations/MigrateCommand.php(141): Illuminate\\Database\\Console\\Migrations\\MigrateCommand->repositoryExists()
#25 /home/philippe/archethic-foundation.github.io/vendor/laravel/framework/src/Illuminate/Database/Console/Migrations/MigrateCommand.php(111): Illuminate\\Database\\Console\\Migrations\\MigrateCommand->prepareDatabase()
#26 /home/philippe/archethic-foundation.github.io/vendor/laravel/framework/src/Illuminate/Database/Migrations/Migrator.php(658): Illuminate\\Database\\Console\\Migrations\\MigrateCommand->Illuminate\\Database\\Console\\Migrations\\{closure}()
#27 /home/philippe/archethic-foundation.github.io/vendor/laravel/framework/src/Illuminate/Database/Console/Migrations/MigrateCommand.php(110): Illuminate\\Database\\Migrations\\Migrator->usingConnection()
#28 /home/philippe/archethic-foundation.github.io/vendor/laravel/framework/src/Illuminate/Database/Console/Migrations/MigrateCommand.php(89): Illuminate\\Database\\Console\\Migrations\\MigrateCommand->runMigrations()
#29 /home/philippe/archethic-foundation.github.io/vendor/laravel/framework/src/Illuminate/Container/BoundMethod.php(36): Illuminate\\Database\\Console\\Migrations\\MigrateCommand->handle()
#30 /home/philippe/archethic-foundation.github.io/vendor/laravel/framework/src/Illuminate/Container/Util.php(43): Illuminate\\Container\\BoundMethod::Illuminate\\Container\\{closure}()
#31 /home/philippe/archethic-foundation.github.io/vendor/laravel/framework/src/Illuminate/Container/BoundMethod.php(95): Illuminate\\Container\\Util::unwrapIfClosure()
#32 /home/philippe/archethic-foundation.github.io/vendor/laravel/framework/src/Illuminate/Container/BoundMethod.php(35): Illuminate\\Container\\BoundMethod::callBoundMethod()
#33 /home/philippe/archethic-foundation.github.io/vendor/laravel/framework/src/Illuminate/Container/Container.php(696): Illuminate\\Container\\BoundMethod::call()
#34 /home/philippe/archethic-foundation.github.io/vendor/laravel/framework/src/Illuminate/Console/Command.php(213): Illuminate\\Container\\Container->call()
#35 /home/philippe/archethic-foundation.github.io/vendor/symfony/console/Command/Command.php(279): Illuminate\\Console\\Command->execute()
#36 /home/philippe/archethic-foundation.github.io/vendor/laravel/framework/src/Illuminate/Console/Command.php(182): Symfony\\Component\\Console\\Command\\Command->run()
#37 /home/philippe/archethic-foundation.github.io/vendor/symfony/console/Application.php(1094): Illuminate\\Console\\Command->run()
#38 /home/philippe/archethic-foundation.github.io/vendor/symfony/console/Application.php(342): Symfony\\Component\\Console\\Application->doRunCommand()
#39 /home/philippe/archethic-foundation.github.io/vendor/symfony/console/Application.php(193): Symfony\\Component\\Console\\Application->doRun()
#40 /home/philippe/archethic-foundation.github.io/vendor/laravel/framework/src/Illuminate/Foundation/Console/Kernel.php(198): Symfony\\Component\\Console\\Application->run()
#41 /home/philippe/archethic-foundation.github.io/vendor/laravel/framework/src/Illuminate/Foundation/Application.php(1235): Illuminate\\Foundation\\Console\\Kernel->handle()
#42 /home/philippe/archethic-foundation.github.io/artisan(13): Illuminate\\Foundation\\Application->handleCommand()
#43 {main}
"} 
[2025-04-29 13:59:25] local.ERROR: could not find driver (Connection: sqlite, SQL: PRAGMA foreign_keys = ON;) {"exception":"[object] (Illuminate\\Database\\QueryException(code: 0): could not find driver (Connection: sqlite, SQL: PRAGMA foreign_keys = ON;) at /home/philippe/archethic-foundation.github.io/vendor/laravel/framework/src/Illuminate/Database/Connection.php:825)
[stacktrace]
#0 /home/philippe/archethic-foundation.github.io/vendor/laravel/framework/src/Illuminate/Database/Connection.php(779): Illuminate\\Database\\Connection->runQueryCallback()
#1 /home/philippe/archethic-foundation.github.io/vendor/laravel/framework/src/Illuminate/Database/Connection.php(560): Illuminate\\Database\\Connection->run()
#2 /home/philippe/archethic-foundation.github.io/vendor/laravel/framework/src/Illuminate/Database/Schema/Builder.php(522): Illuminate\\Database\\Connection->statement()
#3 /home/philippe/archethic-foundation.github.io/vendor/laravel/framework/src/Illuminate/Database/SQLiteConnection.php(59): Illuminate\\Database\\Schema\\Builder->enableForeignKeyConstraints()
#4 /home/philippe/archethic-foundation.github.io/vendor/laravel/framework/src/Illuminate/Database/SQLiteConnection.php(28): Illuminate\\Database\\SQLiteConnection->configureForeignKeyConstraints()
#5 /home/philippe/archethic-foundation.github.io/vendor/laravel/framework/src/Illuminate/Database/Connectors/ConnectionFactory.php(277): Illuminate\\Database\\SQLiteConnection->__construct()
#6 /home/philippe/archethic-foundation.github.io/vendor/laravel/framework/src/Illuminate/Database/Connectors/ConnectionFactory.php(76): Illuminate\\Database\\Connectors\\ConnectionFactory->createConnection()
#7 /home/philippe/archethic-foundation.github.io/vendor/laravel/framework/src/Illuminate/Database/Connectors/ConnectionFactory.php(51): Illuminate\\Database\\Connectors\\ConnectionFactory->createSingleConnection()
#8 /home/philippe/archethic-foundation.github.io/vendor/laravel/framework/src/Illuminate/Database/DatabaseManager.php(207): Illuminate\\Database\\Connectors\\ConnectionFactory->make()
#9 /home/philippe/archethic-foundation.github.io/vendor/laravel/framework/src/Illuminate/Database/DatabaseManager.php(103): Illuminate\\Database\\DatabaseManager->makeConnection()
#10 /home/philippe/archethic-foundation.github.io/vendor/laravel/framework/src/Illuminate/Database/Migrations/DatabaseMigrationRepository.php(226): Illuminate\\Database\\DatabaseManager->connection()
#11 /home/philippe/archethic-foundation.github.io/vendor/laravel/framework/src/Illuminate/Database/Migrations/DatabaseMigrationRepository.php(182): Illuminate\\Database\\Migrations\\DatabaseMigrationRepository->getConnection()
#12 /home/philippe/archethic-foundation.github.io/vendor/laravel/framework/src/Illuminate/Database/Migrations/Migrator.php(742): Illuminate\\Database\\Migrations\\DatabaseMigrationRepository->repositoryExists()
#13 /home/philippe/archethic-foundation.github.io/vendor/laravel/framework/src/Illuminate/Database/Console/Migrations/MigrateCommand.php(165): Illuminate\\Database\\Migrations\\Migrator->repositoryExists()
#14 /home/philippe/archethic-foundation.github.io/vendor/laravel/framework/src/Illuminate/Support/helpers.php(338): Illuminate\\Database\\Console\\Migrations\\MigrateCommand->Illuminate\\Database\\Console\\Migrations\\{closure}()
#15 /home/philippe/archethic-foundation.github.io/vendor/laravel/framework/src/Illuminate/Database/Console/Migrations/MigrateCommand.php(165): retry()
#16 /home/philippe/archethic-foundation.github.io/vendor/laravel/framework/src/Illuminate/Database/Console/Migrations/MigrateCommand.php(141): Illuminate\\Database\\Console\\Migrations\\MigrateCommand->repositoryExists()
#17 /home/philippe/archethic-foundation.github.io/vendor/laravel/framework/src/Illuminate/Database/Console/Migrations/MigrateCommand.php(111): Illuminate\\Database\\Console\\Migrations\\MigrateCommand->prepareDatabase()
#18 /home/philippe/archethic-foundation.github.io/vendor/laravel/framework/src/Illuminate/Database/Migrations/Migrator.php(658): Illuminate\\Database\\Console\\Migrations\\MigrateCommand->Illuminate\\Database\\Console\\Migrations\\{closure}()
#19 /home/philippe/archethic-foundation.github.io/vendor/laravel/framework/src/Illuminate/Database/Console/Migrations/MigrateCommand.php(110): Illuminate\\Database\\Migrations\\Migrator->usingConnection()
#20 /home/philippe/archethic-foundation.github.io/vendor/laravel/framework/src/Illuminate/Database/Console/Migrations/MigrateCommand.php(89): Illuminate\\Database\\Console\\Migrations\\MigrateCommand->runMigrations()
#21 /home/philippe/archethic-foundation.github.io/vendor/laravel/framework/src/Illuminate/Container/BoundMethod.php(36): Illuminate\\Database\\Console\\Migrations\\MigrateCommand->handle()
#22 /home/philippe/archethic-foundation.github.io/vendor/laravel/framework/src/Illuminate/Container/Util.php(43): Illuminate\\Container\\BoundMethod::Illuminate\\Container\\{closure}()
#23 /home/philippe/archethic-foundation.github.io/vendor/laravel/framework/src/Illuminate/Container/BoundMethod.php(95): Illuminate\\Container\\Util::unwrapIfClosure()
#24 /home/philippe/archethic-foundation.github.io/vendor/laravel/framework/src/Illuminate/Container/BoundMethod.php(35): Illuminate\\Container\\BoundMethod::callBoundMethod()
#25 /home/philippe/archethic-foundation.github.io/vendor/laravel/framework/src/Illuminate/Container/Container.php(696): Illuminate\\Container\\BoundMethod::call()
#26 /home/philippe/archethic-foundation.github.io/vendor/laravel/framework/src/Illuminate/Console/Command.php(213): Illuminate\\Container\\Container->call()
#27 /home/philippe/archethic-foundation.github.io/vendor/symfony/console/Command/Command.php(279): Illuminate\\Console\\Command->execute()
#28 /home/philippe/archethic-foundation.github.io/vendor/laravel/framework/src/Illuminate/Console/Command.php(182): Symfony\\Component\\Console\\Command\\Command->run()
#29 /home/philippe/archethic-foundation.github.io/vendor/symfony/console/Application.php(1094): Illuminate\\Console\\Command->run()
#30 /home/philippe/archethic-foundation.github.io/vendor/symfony/console/Application.php(342): Symfony\\Component\\Console\\Application->doRunCommand()
#31 /home/philippe/archethic-foundation.github.io/vendor/symfony/console/Application.php(193): Symfony\\Component\\Console\\Application->doRun()
#32 /home/philippe/archethic-foundation.github.io/vendor/laravel/framework/src/Illuminate/Foundation/Console/Kernel.php(198): Symfony\\Component\\Console\\Application->run()
#33 /home/philippe/archethic-foundation.github.io/vendor/laravel/framework/src/Illuminate/Foundation/Application.php(1235): Illuminate\\Foundation\\Console\\Kernel->handle()
#34 /home/philippe/archethic-foundation.github.io/artisan(13): Illuminate\\Foundation\\Application->handleCommand()
#35 {main}

[previous exception] [object] (PDOException(code: 0): could not find driver at /home/philippe/archethic-foundation.github.io/vendor/laravel/framework/src/Illuminate/Database/Connectors/Connector.php:66)
[stacktrace]
#0 /home/philippe/archethic-foundation.github.io/vendor/laravel/framework/src/Illuminate/Database/Connectors/Connector.php(66): PDO->__construct()
#1 /home/philippe/archethic-foundation.github.io/vendor/laravel/framework/src/Illuminate/Database/Connectors/Connector.php(44): Illuminate\\Database\\Connectors\\Connector->createPdoConnection()
#2 /home/philippe/archethic-foundation.github.io/vendor/laravel/framework/src/Illuminate/Database/Connectors/SQLiteConnector.php(40): Illuminate\\Database\\Connectors\\Connector->createConnection()
#3 /home/philippe/archethic-foundation.github.io/vendor/laravel/framework/src/Illuminate/Database/Connectors/ConnectionFactory.php(224): Illuminate\\Database\\Connectors\\SQLiteConnector->connect()
#4 [internal function]: Illuminate\\Database\\Connectors\\ConnectionFactory->Illuminate\\Database\\Connectors\\{closure}()
#5 /home/philippe/archethic-foundation.github.io/vendor/laravel/framework/src/Illuminate/Database/Connection.php(1231): call_user_func()
#6 /home/philippe/archethic-foundation.github.io/vendor/laravel/framework/src/Illuminate/Database/Connection.php(565): Illuminate\\Database\\Connection->getPdo()
#7 /home/philippe/archethic-foundation.github.io/vendor/laravel/framework/src/Illuminate/Database/Connection.php(812): Illuminate\\Database\\Connection->Illuminate\\Database\\{closure}()
#8 /home/philippe/archethic-foundation.github.io/vendor/laravel/framework/src/Illuminate/Database/Connection.php(779): Illuminate\\Database\\Connection->runQueryCallback()
#9 /home/philippe/archethic-foundation.github.io/vendor/laravel/framework/src/Illuminate/Database/Connection.php(560): Illuminate\\Database\\Connection->run()
#10 /home/philippe/archethic-foundation.github.io/vendor/laravel/framework/src/Illuminate/Database/Schema/Builder.php(522): Illuminate\\Database\\Connection->statement()
#11 /home/philippe/archethic-foundation.github.io/vendor/laravel/framework/src/Illuminate/Database/SQLiteConnection.php(59): Illuminate\\Database\\Schema\\Builder->enableForeignKeyConstraints()
#12 /home/philippe/archethic-foundation.github.io/vendor/laravel/framework/src/Illuminate/Database/SQLiteConnection.php(28): Illuminate\\Database\\SQLiteConnection->configureForeignKeyConstraints()
#13 /home/philippe/archethic-foundation.github.io/vendor/laravel/framework/src/Illuminate/Database/Connectors/ConnectionFactory.php(277): Illuminate\\Database\\SQLiteConnection->__construct()
#14 /home/philippe/archethic-foundation.github.io/vendor/laravel/framework/src/Illuminate/Database/Connectors/ConnectionFactory.php(76): Illuminate\\Database\\Connectors\\ConnectionFactory->createConnection()
#15 /home/philippe/archethic-foundation.github.io/vendor/laravel/framework/src/Illuminate/Database/Connectors/ConnectionFactory.php(51): Illuminate\\Database\\Connectors\\ConnectionFactory->createSingleConnection()
#16 /home/philippe/archethic-foundation.github.io/vendor/laravel/framework/src/Illuminate/Database/DatabaseManager.php(207): Illuminate\\Database\\Connectors\\ConnectionFactory->make()
#17 /home/philippe/archethic-foundation.github.io/vendor/laravel/framework/src/Illuminate/Database/DatabaseManager.php(103): Illuminate\\Database\\DatabaseManager->makeConnection()
#18 /home/philippe/archethic-foundation.github.io/vendor/laravel/framework/src/Illuminate/Database/Migrations/DatabaseMigrationRepository.php(226): Illuminate\\Database\\DatabaseManager->connection()
#19 /home/philippe/archethic-foundation.github.io/vendor/laravel/framework/src/Illuminate/Database/Migrations/DatabaseMigrationRepository.php(182): Illuminate\\Database\\Migrations\\DatabaseMigrationRepository->getConnection()
#20 /home/philippe/archethic-foundation.github.io/vendor/laravel/framework/src/Illuminate/Database/Migrations/Migrator.php(742): Illuminate\\Database\\Migrations\\DatabaseMigrationRepository->repositoryExists()
#21 /home/philippe/archethic-foundation.github.io/vendor/laravel/framework/src/Illuminate/Database/Console/Migrations/MigrateCommand.php(165): Illuminate\\Database\\Migrations\\Migrator->repositoryExists()
#22 /home/philippe/archethic-foundation.github.io/vendor/laravel/framework/src/Illuminate/Support/helpers.php(338): Illuminate\\Database\\Console\\Migrations\\MigrateCommand->Illuminate\\Database\\Console\\Migrations\\{closure}()
#23 /home/philippe/archethic-foundation.github.io/vendor/laravel/framework/src/Illuminate/Database/Console/Migrations/MigrateCommand.php(165): retry()
#24 /home/philippe/archethic-foundation.github.io/vendor/laravel/framework/src/Illuminate/Database/Console/Migrations/MigrateCommand.php(141): Illuminate\\Database\\Console\\Migrations\\MigrateCommand->repositoryExists()
#25 /home/philippe/archethic-foundation.github.io/vendor/laravel/framework/src/Illuminate/Database/Console/Migrations/MigrateCommand.php(111): Illuminate\\Database\\Console\\Migrations\\MigrateCommand->prepareDatabase()
#26 /home/philippe/archethic-foundation.github.io/vendor/laravel/framework/src/Illuminate/Database/Migrations/Migrator.php(658): Illuminate\\Database\\Console\\Migrations\\MigrateCommand->Illuminate\\Database\\Console\\Migrations\\{closure}()
#27 /home/philippe/archethic-foundation.github.io/vendor/laravel/framework/src/Illuminate/Database/Console/Migrations/MigrateCommand.php(110): Illuminate\\Database\\Migrations\\Migrator->usingConnection()
#28 /home/philippe/archethic-foundation.github.io/vendor/laravel/framework/src/Illuminate/Database/Console/Migrations/MigrateCommand.php(89): Illuminate\\Database\\Console\\Migrations\\MigrateCommand->runMigrations()
#29 /home/philippe/archethic-foundation.github.io/vendor/laravel/framework/src/Illuminate/Container/BoundMethod.php(36): Illuminate\\Database\\Console\\Migrations\\MigrateCommand->handle()
#30 /home/philippe/archethic-foundation.github.io/vendor/laravel/framework/src/Illuminate/Container/Util.php(43): Illuminate\\Container\\BoundMethod::Illuminate\\Container\\{closure}()
#31 /home/philippe/archethic-foundation.github.io/vendor/laravel/framework/src/Illuminate/Container/BoundMethod.php(95): Illuminate\\Container\\Util::unwrapIfClosure()
#32 /home/philippe/archethic-foundation.github.io/vendor/laravel/framework/src/Illuminate/Container/BoundMethod.php(35): Illuminate\\Container\\BoundMethod::callBoundMethod()
#33 /home/philippe/archethic-foundation.github.io/vendor/laravel/framework/src/Illuminate/Container/Container.php(696): Illuminate\\Container\\BoundMethod::call()
#34 /home/philippe/archethic-foundation.github.io/vendor/laravel/framework/src/Illuminate/Console/Command.php(213): Illuminate\\Container\\Container->call()
#35 /home/philippe/archethic-foundation.github.io/vendor/symfony/console/Command/Command.php(279): Illuminate\\Console\\Command->execute()
#36 /home/philippe/archethic-foundation.github.io/vendor/laravel/framework/src/Illuminate/Console/Command.php(182): Symfony\\Component\\Console\\Command\\Command->run()
#37 /home/philippe/archethic-foundation.github.io/vendor/symfony/console/Application.php(1094): Illuminate\\Console\\Command->run()
#38 /home/philippe/archethic-foundation.github.io/vendor/symfony/console/Application.php(342): Symfony\\Component\\Console\\Application->doRunCommand()
#39 /home/philippe/archethic-foundation.github.io/vendor/symfony/console/Application.php(193): Symfony\\Component\\Console\\Application->doRun()
#40 /home/philippe/archethic-foundation.github.io/vendor/laravel/framework/src/Illuminate/Foundation/Console/Kernel.php(198): Symfony\\Component\\Console\\Application->run()
#41 /home/philippe/archethic-foundation.github.io/vendor/laravel/framework/src/Illuminate/Foundation/Application.php(1235): Illuminate\\Foundation\\Console\\Kernel->handle()
#42 /home/philippe/archethic-foundation.github.io/artisan(13): Illuminate\\Foundation\\Application->handleCommand()
#43 {main}
"} 
[2025-04-29 15:55:27] local.ERROR: View [developers] not found. {"exception":"[object] (InvalidArgumentException(code: 0): View [developers] not found. at /home/philippe/archethic-foundation.github.io/vendor/laravel/framework/src/Illuminate/View/FileViewFinder.php:139)
[stacktrace]
#0 /home/philippe/archethic-foundation.github.io/vendor/laravel/framework/src/Illuminate/View/FileViewFinder.php(79): Illuminate\\View\\FileViewFinder->findInPaths()
#1 /home/philippe/archethic-foundation.github.io/vendor/laravel/framework/src/Illuminate/View/Factory.php(151): Illuminate\\View\\FileViewFinder->find()
#2 /home/philippe/archethic-foundation.github.io/vendor/laravel/framework/src/Illuminate/Foundation/helpers.php(1062): Illuminate\\View\\Factory->make()
#3 /home/philippe/archethic-foundation.github.io/routes/web.php(23): view()
#4 /home/philippe/archethic-foundation.github.io/vendor/laravel/framework/src/Illuminate/Routing/CallableDispatcher.php(40): Illuminate\\Routing\\RouteFileRegistrar->{closure}()
#5 /home/philippe/archethic-foundation.github.io/vendor/laravel/framework/src/Illuminate/Routing/Route.php(244): Illuminate\\Routing\\CallableDispatcher->dispatch()
#6 /home/philippe/archethic-foundation.github.io/vendor/laravel/framework/src/Illuminate/Routing/Route.php(215): Illuminate\\Routing\\Route->runCallable()
#7 /home/philippe/archethic-foundation.github.io/vendor/laravel/framework/src/Illuminate/Routing/Router.php(808): Illuminate\\Routing\\Route->run()
#8 /home/philippe/archethic-foundation.github.io/vendor/laravel/framework/src/Illuminate/Pipeline/Pipeline.php(170): Illuminate\\Routing\\Router->Illuminate\\Routing\\{closure}()
#9 /home/philippe/archethic-foundation.github.io/app/Http/Middleware/SeoNoIndex.php(24): Illuminate\\Pipeline\\Pipeline->Illuminate\\Pipeline\\{closure}()
#10 /home/philippe/archethic-foundation.github.io/vendor/laravel/framework/src/Illuminate/Pipeline/Pipeline.php(209): App\\Http\\Middleware\\SeoNoIndex->handle()
#11 /home/philippe/archethic-foundation.github.io/vendor/laravel/framework/src/Illuminate/Routing/Middleware/SubstituteBindings.php(51): Illuminate\\Pipeline\\Pipeline->Illuminate\\Pipeline\\{closure}()
#12 /home/philippe/archethic-foundation.github.io/vendor/laravel/framework/src/Illuminate/Pipeline/Pipeline.php(209): Illuminate\\Routing\\Middleware\\SubstituteBindings->handle()
#13 /home/philippe/archethic-foundation.github.io/vendor/laravel/framework/src/Illuminate/Foundation/Http/Middleware/VerifyCsrfToken.php(88): Illuminate\\Pipeline\\Pipeline->Illuminate\\Pipeline\\{closure}()
#14 /home/philippe/archethic-foundation.github.io/vendor/laravel/framework/src/Illuminate/Pipeline/Pipeline.php(209): Illuminate\\Foundation\\Http\\Middleware\\VerifyCsrfToken->handle()
#15 /home/philippe/archethic-foundation.github.io/vendor/laravel/framework/src/Illuminate/View/Middleware/ShareErrorsFromSession.php(49): Illuminate\\Pipeline\\Pipeline->Illuminate\\Pipeline\\{closure}()
#16 /home/philippe/archethic-foundation.github.io/vendor/laravel/framework/src/Illuminate/Pipeline/Pipeline.php(209): Illuminate\\View\\Middleware\\ShareErrorsFromSession->handle()
#17 /home/philippe/archethic-foundation.github.io/vendor/laravel/framework/src/Illuminate/Session/Middleware/StartSession.php(121): Illuminate\\Pipeline\\Pipeline->Illuminate\\Pipeline\\{closure}()
#18 /home/philippe/archethic-foundation.github.io/vendor/laravel/framework/src/Illuminate/Session/Middleware/StartSession.php(64): Illuminate\\Session\\Middleware\\StartSession->handleStatefulRequest()
#19 /home/philippe/archethic-foundation.github.io/vendor/laravel/framework/src/Illuminate/Pipeline/Pipeline.php(209): Illuminate\\Session\\Middleware\\StartSession->handle()
#20 /home/philippe/archethic-foundation.github.io/vendor/laravel/framework/src/Illuminate/Cookie/Middleware/AddQueuedCookiesToResponse.php(37): Illuminate\\Pipeline\\Pipeline->Illuminate\\Pipeline\\{closure}()
#21 /home/philippe/archethic-foundation.github.io/vendor/laravel/framework/src/Illuminate/Pipeline/Pipeline.php(209): Illuminate\\Cookie\\Middleware\\AddQueuedCookiesToResponse->handle()
#22 /home/philippe/archethic-foundation.github.io/vendor/laravel/framework/src/Illuminate/Cookie/Middleware/EncryptCookies.php(75): Illuminate\\Pipeline\\Pipeline->Illuminate\\Pipeline\\{closure}()
#23 /home/philippe/archethic-foundation.github.io/vendor/laravel/framework/src/Illuminate/Pipeline/Pipeline.php(209): Illuminate\\Cookie\\Middleware\\EncryptCookies->handle()
#24 /home/philippe/archethic-foundation.github.io/vendor/laravel/framework/src/Illuminate/Pipeline/Pipeline.php(127): Illuminate\\Pipeline\\Pipeline->Illuminate\\Pipeline\\{closure}()
#25 /home/philippe/archethic-foundation.github.io/vendor/laravel/framework/src/Illuminate/Routing/Router.php(807): Illuminate\\Pipeline\\Pipeline->then()
#26 /home/philippe/archethic-foundation.github.io/vendor/laravel/framework/src/Illuminate/Routing/Router.php(786): Illuminate\\Routing\\Router->runRouteWithinStack()
#27 /home/philippe/archethic-foundation.github.io/vendor/laravel/framework/src/Illuminate/Routing/Router.php(750): Illuminate\\Routing\\Router->runRoute()
#28 /home/philippe/archethic-foundation.github.io/vendor/laravel/framework/src/Illuminate/Routing/Router.php(739): Illuminate\\Routing\\Router->dispatchToRoute()
#29 /home/philippe/archethic-foundation.github.io/vendor/laravel/framework/src/Illuminate/Foundation/Http/Kernel.php(201): Illuminate\\Routing\\Router->dispatch()
#30 /home/philippe/archethic-foundation.github.io/vendor/laravel/framework/src/Illuminate/Pipeline/Pipeline.php(170): Illuminate\\Foundation\\Http\\Kernel->Illuminate\\Foundation\\Http\\{closure}()
#31 /home/philippe/archethic-foundation.github.io/vendor/livewire/livewire/src/Features/SupportDisablingBackButtonCache/DisableBackButtonCacheMiddleware.php(19): Illuminate\\Pipeline\\Pipeline->Illuminate\\Pipeline\\{closure}()
#32 /home/philippe/archethic-foundation.github.io/vendor/laravel/framework/src/Illuminate/Pipeline/Pipeline.php(209): Livewire\\Features\\SupportDisablingBackButtonCache\\DisableBackButtonCacheMiddleware->handle()
#33 /home/philippe/archethic-foundation.github.io/app/Http/Middleware/SeoRedirect.php(75): Illuminate\\Pipeline\\Pipeline->Illuminate\\Pipeline\\{closure}()
#34 /home/philippe/archethic-foundation.github.io/vendor/laravel/framework/src/Illuminate/Pipeline/Pipeline.php(209): App\\Http\\Middleware\\SeoRedirect->handle()
#35 /home/philippe/archethic-foundation.github.io/vendor/laravel/framework/src/Illuminate/Foundation/Http/Middleware/TransformsRequest.php(21): Illuminate\\Pipeline\\Pipeline->Illuminate\\Pipeline\\{closure}()
#36 /home/philippe/archethic-foundation.github.io/vendor/laravel/framework/src/Illuminate/Foundation/Http/Middleware/ConvertEmptyStringsToNull.php(31): Illuminate\\Foundation\\Http\\Middleware\\TransformsRequest->handle()
#37 /home/philippe/archethic-foundation.github.io/vendor/laravel/framework/src/Illuminate/Pipeline/Pipeline.php(209): Illuminate\\Foundation\\Http\\Middleware\\ConvertEmptyStringsToNull->handle()
#38 /home/philippe/archethic-foundation.github.io/vendor/laravel/framework/src/Illuminate/Foundation/Http/Middleware/TransformsRequest.php(21): Illuminate\\Pipeline\\Pipeline->Illuminate\\Pipeline\\{closure}()
#39 /home/philippe/archethic-foundation.github.io/vendor/laravel/framework/src/Illuminate/Foundation/Http/Middleware/TrimStrings.php(51): Illuminate\\Foundation\\Http\\Middleware\\TransformsRequest->handle()
#40 /home/philippe/archethic-foundation.github.io/vendor/laravel/framework/src/Illuminate/Pipeline/Pipeline.php(209): Illuminate\\Foundation\\Http\\Middleware\\TrimStrings->handle()
#41 /home/philippe/archethic-foundation.github.io/vendor/laravel/framework/src/Illuminate/Http/Middleware/ValidatePostSize.php(27): Illuminate\\Pipeline\\Pipeline->Illuminate\\Pipeline\\{closure}()
#42 /home/philippe/archethic-foundation.github.io/vendor/laravel/framework/src/Illuminate/Pipeline/Pipeline.php(209): Illuminate\\Http\\Middleware\\ValidatePostSize->handle()
#43 /home/philippe/archethic-foundation.github.io/vendor/laravel/framework/src/Illuminate/Foundation/Http/Middleware/PreventRequestsDuringMaintenance.php(110): Illuminate\\Pipeline\\Pipeline->Illuminate\\Pipeline\\{closure}()
#44 /home/philippe/archethic-foundation.github.io/vendor/laravel/framework/src/Illuminate/Pipeline/Pipeline.php(209): Illuminate\\Foundation\\Http\\Middleware\\PreventRequestsDuringMaintenance->handle()
#45 /home/philippe/archethic-foundation.github.io/vendor/laravel/framework/src/Illuminate/Http/Middleware/HandleCors.php(49): Illuminate\\Pipeline\\Pipeline->Illuminate\\Pipeline\\{closure}()
#46 /home/philippe/archethic-foundation.github.io/vendor/laravel/framework/src/Illuminate/Pipeline/Pipeline.php(209): Illuminate\\Http\\Middleware\\HandleCors->handle()
#47 /home/philippe/archethic-foundation.github.io/vendor/laravel/framework/src/Illuminate/Http/Middleware/TrustProxies.php(58): Illuminate\\Pipeline\\Pipeline->Illuminate\\Pipeline\\{closure}()
#48 /home/philippe/archethic-foundation.github.io/vendor/laravel/framework/src/Illuminate/Pipeline/Pipeline.php(209): Illuminate\\Http\\Middleware\\TrustProxies->handle()
#49 /home/philippe/archethic-foundation.github.io/vendor/laravel/framework/src/Illuminate/Foundation/Http/Middleware/InvokeDeferredCallbacks.php(22): Illuminate\\Pipeline\\Pipeline->Illuminate\\Pipeline\\{closure}()
#50 /home/philippe/archethic-foundation.github.io/vendor/laravel/framework/src/Illuminate/Pipeline/Pipeline.php(209): Illuminate\\Foundation\\Http\\Middleware\\InvokeDeferredCallbacks->handle()
#51 /home/philippe/archethic-foundation.github.io/vendor/laravel/framework/src/Illuminate/Pipeline/Pipeline.php(127): Illuminate\\Pipeline\\Pipeline->Illuminate\\Pipeline\\{closure}()
#52 /home/philippe/archethic-foundation.github.io/vendor/laravel/framework/src/Illuminate/Foundation/Http/Kernel.php(176): Illuminate\\Pipeline\\Pipeline->then()
#53 /home/philippe/archethic-foundation.github.io/vendor/laravel/framework/src/Illuminate/Foundation/Http/Kernel.php(145): Illuminate\\Foundation\\Http\\Kernel->sendRequestThroughRouter()
#54 /home/philippe/archethic-foundation.github.io/vendor/laravel/framework/src/Illuminate/Foundation/Application.php(1220): Illuminate\\Foundation\\Http\\Kernel->handle()
#55 /home/philippe/archethic-foundation.github.io/public/index.php(17): Illuminate\\Foundation\\Application->handleRequest()
#56 /home/philippe/archethic-foundation.github.io/vendor/laravel/framework/src/Illuminate/Foundation/resources/server.php(23): require_once('...')
#57 {main}
"} 
[2025-04-29 15:55:42] local.ERROR: View [developers] not found. {"exception":"[object] (InvalidArgumentException(code: 0): View [developers] not found. at /home/philippe/archethic-foundation.github.io/vendor/laravel/framework/src/Illuminate/View/FileViewFinder.php:139)
[stacktrace]
#0 /home/philippe/archethic-foundation.github.io/vendor/laravel/framework/src/Illuminate/View/FileViewFinder.php(79): Illuminate\\View\\FileViewFinder->findInPaths()
#1 /home/philippe/archethic-foundation.github.io/vendor/laravel/framework/src/Illuminate/View/Factory.php(151): Illuminate\\View\\FileViewFinder->find()
#2 /home/philippe/archethic-foundation.github.io/vendor/laravel/framework/src/Illuminate/Foundation/helpers.php(1062): Illuminate\\View\\Factory->make()
#3 /home/philippe/archethic-foundation.github.io/routes/web.php(23): view()
#4 /home/philippe/archethic-foundation.github.io/vendor/laravel/framework/src/Illuminate/Routing/CallableDispatcher.php(40): Illuminate\\Routing\\RouteFileRegistrar->{closure}()
#5 /home/philippe/archethic-foundation.github.io/vendor/laravel/framework/src/Illuminate/Routing/Route.php(244): Illuminate\\Routing\\CallableDispatcher->dispatch()
#6 /home/philippe/archethic-foundation.github.io/vendor/laravel/framework/src/Illuminate/Routing/Route.php(215): Illuminate\\Routing\\Route->runCallable()
#7 /home/philippe/archethic-foundation.github.io/vendor/laravel/framework/src/Illuminate/Routing/Router.php(808): Illuminate\\Routing\\Route->run()
#8 /home/philippe/archethic-foundation.github.io/vendor/laravel/framework/src/Illuminate/Pipeline/Pipeline.php(170): Illuminate\\Routing\\Router->Illuminate\\Routing\\{closure}()
#9 /home/philippe/archethic-foundation.github.io/app/Http/Middleware/SeoNoIndex.php(24): Illuminate\\Pipeline\\Pipeline->Illuminate\\Pipeline\\{closure}()
#10 /home/philippe/archethic-foundation.github.io/vendor/laravel/framework/src/Illuminate/Pipeline/Pipeline.php(209): App\\Http\\Middleware\\SeoNoIndex->handle()
#11 /home/philippe/archethic-foundation.github.io/vendor/laravel/framework/src/Illuminate/Routing/Middleware/SubstituteBindings.php(51): Illuminate\\Pipeline\\Pipeline->Illuminate\\Pipeline\\{closure}()
#12 /home/philippe/archethic-foundation.github.io/vendor/laravel/framework/src/Illuminate/Pipeline/Pipeline.php(209): Illuminate\\Routing\\Middleware\\SubstituteBindings->handle()
#13 /home/philippe/archethic-foundation.github.io/vendor/laravel/framework/src/Illuminate/Foundation/Http/Middleware/VerifyCsrfToken.php(88): Illuminate\\Pipeline\\Pipeline->Illuminate\\Pipeline\\{closure}()
#14 /home/philippe/archethic-foundation.github.io/vendor/laravel/framework/src/Illuminate/Pipeline/Pipeline.php(209): Illuminate\\Foundation\\Http\\Middleware\\VerifyCsrfToken->handle()
#15 /home/philippe/archethic-foundation.github.io/vendor/laravel/framework/src/Illuminate/View/Middleware/ShareErrorsFromSession.php(49): Illuminate\\Pipeline\\Pipeline->Illuminate\\Pipeline\\{closure}()
#16 /home/philippe/archethic-foundation.github.io/vendor/laravel/framework/src/Illuminate/Pipeline/Pipeline.php(209): Illuminate\\View\\Middleware\\ShareErrorsFromSession->handle()
#17 /home/philippe/archethic-foundation.github.io/vendor/laravel/framework/src/Illuminate/Session/Middleware/StartSession.php(121): Illuminate\\Pipeline\\Pipeline->Illuminate\\Pipeline\\{closure}()
#18 /home/philippe/archethic-foundation.github.io/vendor/laravel/framework/src/Illuminate/Session/Middleware/StartSession.php(64): Illuminate\\Session\\Middleware\\StartSession->handleStatefulRequest()
#19 /home/philippe/archethic-foundation.github.io/vendor/laravel/framework/src/Illuminate/Pipeline/Pipeline.php(209): Illuminate\\Session\\Middleware\\StartSession->handle()
#20 /home/philippe/archethic-foundation.github.io/vendor/laravel/framework/src/Illuminate/Cookie/Middleware/AddQueuedCookiesToResponse.php(37): Illuminate\\Pipeline\\Pipeline->Illuminate\\Pipeline\\{closure}()
#21 /home/philippe/archethic-foundation.github.io/vendor/laravel/framework/src/Illuminate/Pipeline/Pipeline.php(209): Illuminate\\Cookie\\Middleware\\AddQueuedCookiesToResponse->handle()
#22 /home/philippe/archethic-foundation.github.io/vendor/laravel/framework/src/Illuminate/Cookie/Middleware/EncryptCookies.php(75): Illuminate\\Pipeline\\Pipeline->Illuminate\\Pipeline\\{closure}()
#23 /home/philippe/archethic-foundation.github.io/vendor/laravel/framework/src/Illuminate/Pipeline/Pipeline.php(209): Illuminate\\Cookie\\Middleware\\EncryptCookies->handle()
#24 /home/philippe/archethic-foundation.github.io/vendor/laravel/framework/src/Illuminate/Pipeline/Pipeline.php(127): Illuminate\\Pipeline\\Pipeline->Illuminate\\Pipeline\\{closure}()
#25 /home/philippe/archethic-foundation.github.io/vendor/laravel/framework/src/Illuminate/Routing/Router.php(807): Illuminate\\Pipeline\\Pipeline->then()
#26 /home/philippe/archethic-foundation.github.io/vendor/laravel/framework/src/Illuminate/Routing/Router.php(786): Illuminate\\Routing\\Router->runRouteWithinStack()
#27 /home/philippe/archethic-foundation.github.io/vendor/laravel/framework/src/Illuminate/Routing/Router.php(750): Illuminate\\Routing\\Router->runRoute()
#28 /home/philippe/archethic-foundation.github.io/vendor/laravel/framework/src/Illuminate/Routing/Router.php(739): Illuminate\\Routing\\Router->dispatchToRoute()
#29 /home/philippe/archethic-foundation.github.io/vendor/laravel/framework/src/Illuminate/Foundation/Http/Kernel.php(201): Illuminate\\Routing\\Router->dispatch()
#30 /home/philippe/archethic-foundation.github.io/vendor/laravel/framework/src/Illuminate/Pipeline/Pipeline.php(170): Illuminate\\Foundation\\Http\\Kernel->Illuminate\\Foundation\\Http\\{closure}()
#31 /home/philippe/archethic-foundation.github.io/vendor/livewire/livewire/src/Features/SupportDisablingBackButtonCache/DisableBackButtonCacheMiddleware.php(19): Illuminate\\Pipeline\\Pipeline->Illuminate\\Pipeline\\{closure}()
#32 /home/philippe/archethic-foundation.github.io/vendor/laravel/framework/src/Illuminate/Pipeline/Pipeline.php(209): Livewire\\Features\\SupportDisablingBackButtonCache\\DisableBackButtonCacheMiddleware->handle()
#33 /home/philippe/archethic-foundation.github.io/app/Http/Middleware/SeoRedirect.php(75): Illuminate\\Pipeline\\Pipeline->Illuminate\\Pipeline\\{closure}()
#34 /home/philippe/archethic-foundation.github.io/vendor/laravel/framework/src/Illuminate/Pipeline/Pipeline.php(209): App\\Http\\Middleware\\SeoRedirect->handle()
#35 /home/philippe/archethic-foundation.github.io/vendor/laravel/framework/src/Illuminate/Foundation/Http/Middleware/TransformsRequest.php(21): Illuminate\\Pipeline\\Pipeline->Illuminate\\Pipeline\\{closure}()
#36 /home/philippe/archethic-foundation.github.io/vendor/laravel/framework/src/Illuminate/Foundation/Http/Middleware/ConvertEmptyStringsToNull.php(31): Illuminate\\Foundation\\Http\\Middleware\\TransformsRequest->handle()
#37 /home/philippe/archethic-foundation.github.io/vendor/laravel/framework/src/Illuminate/Pipeline/Pipeline.php(209): Illuminate\\Foundation\\Http\\Middleware\\ConvertEmptyStringsToNull->handle()
#38 /home/philippe/archethic-foundation.github.io/vendor/laravel/framework/src/Illuminate/Foundation/Http/Middleware/TransformsRequest.php(21): Illuminate\\Pipeline\\Pipeline->Illuminate\\Pipeline\\{closure}()
#39 /home/philippe/archethic-foundation.github.io/vendor/laravel/framework/src/Illuminate/Foundation/Http/Middleware/TrimStrings.php(51): Illuminate\\Foundation\\Http\\Middleware\\TransformsRequest->handle()
#40 /home/philippe/archethic-foundation.github.io/vendor/laravel/framework/src/Illuminate/Pipeline/Pipeline.php(209): Illuminate\\Foundation\\Http\\Middleware\\TrimStrings->handle()
#41 /home/philippe/archethic-foundation.github.io/vendor/laravel/framework/src/Illuminate/Http/Middleware/ValidatePostSize.php(27): Illuminate\\Pipeline\\Pipeline->Illuminate\\Pipeline\\{closure}()
#42 /home/philippe/archethic-foundation.github.io/vendor/laravel/framework/src/Illuminate/Pipeline/Pipeline.php(209): Illuminate\\Http\\Middleware\\ValidatePostSize->handle()
#43 /home/philippe/archethic-foundation.github.io/vendor/laravel/framework/src/Illuminate/Foundation/Http/Middleware/PreventRequestsDuringMaintenance.php(110): Illuminate\\Pipeline\\Pipeline->Illuminate\\Pipeline\\{closure}()
#44 /home/philippe/archethic-foundation.github.io/vendor/laravel/framework/src/Illuminate/Pipeline/Pipeline.php(209): Illuminate\\Foundation\\Http\\Middleware\\PreventRequestsDuringMaintenance->handle()
#45 /home/philippe/archethic-foundation.github.io/vendor/laravel/framework/src/Illuminate/Http/Middleware/HandleCors.php(49): Illuminate\\Pipeline\\Pipeline->Illuminate\\Pipeline\\{closure}()
#46 /home/philippe/archethic-foundation.github.io/vendor/laravel/framework/src/Illuminate/Pipeline/Pipeline.php(209): Illuminate\\Http\\Middleware\\HandleCors->handle()
#47 /home/philippe/archethic-foundation.github.io/vendor/laravel/framework/src/Illuminate/Http/Middleware/TrustProxies.php(58): Illuminate\\Pipeline\\Pipeline->Illuminate\\Pipeline\\{closure}()
#48 /home/philippe/archethic-foundation.github.io/vendor/laravel/framework/src/Illuminate/Pipeline/Pipeline.php(209): Illuminate\\Http\\Middleware\\TrustProxies->handle()
#49 /home/philippe/archethic-foundation.github.io/vendor/laravel/framework/src/Illuminate/Foundation/Http/Middleware/InvokeDeferredCallbacks.php(22): Illuminate\\Pipeline\\Pipeline->Illuminate\\Pipeline\\{closure}()
#50 /home/philippe/archethic-foundation.github.io/vendor/laravel/framework/src/Illuminate/Pipeline/Pipeline.php(209): Illuminate\\Foundation\\Http\\Middleware\\InvokeDeferredCallbacks->handle()
#51 /home/philippe/archethic-foundation.github.io/vendor/laravel/framework/src/Illuminate/Pipeline/Pipeline.php(127): Illuminate\\Pipeline\\Pipeline->Illuminate\\Pipeline\\{closure}()
#52 /home/philippe/archethic-foundation.github.io/vendor/laravel/framework/src/Illuminate/Foundation/Http/Kernel.php(176): Illuminate\\Pipeline\\Pipeline->then()
#53 /home/philippe/archethic-foundation.github.io/vendor/laravel/framework/src/Illuminate/Foundation/Http/Kernel.php(145): Illuminate\\Foundation\\Http\\Kernel->sendRequestThroughRouter()
#54 /home/philippe/archethic-foundation.github.io/vendor/laravel/framework/src/Illuminate/Foundation/Application.php(1220): Illuminate\\Foundation\\Http\\Kernel->handle()
#55 /home/philippe/archethic-foundation.github.io/public/index.php(17): Illuminate\\Foundation\\Application->handleRequest()
#56 /home/philippe/archethic-foundation.github.io/vendor/laravel/framework/src/Illuminate/Foundation/resources/server.php(23): require_once('...')
#57 {main}
"} 
